Log file open, 06/27/19 18:38:19
LogWindows: Failed to load 'aqProf.dll' (GetLastError=126)
LogWindows: File 'aqProf.dll' does not exist
LogWindows: Failed to load 'VtuneApi.dll' (GetLastError=126)
LogWindows: File 'VtuneApi.dll' does not exist
LogWindows: Failed to load 'VtuneApi32e.dll' (GetLastError=126)
LogWindows: File 'VtuneApi32e.dll' does not exist
LogConsoleResponse: Display: Failed to find resolution value strings in scalability ini. Falling back to default.
LogInit: Display: Running engine for game: ProjectNorthStar
LogPakFile: Registered encryption key '00000000000000000000000000000000': 0 pak files mounted, 0 remain pending
LogPlatformFile: Not using cached read wrapper
LogTaskGraph: Started task graph with 5 named threads and 20 total threads with 3 sets of task threads.
LogStats: Stats thread started at 0.223474
LogD3D11RHI: Loaded GFSDK_Aftermath_Lib.x64.dll
LogICUInternationalization: ICU TimeZone Detection - Raw Offset: -8:00, Platform Override: ''
LogPluginManager: Mounting plugin Paper2D
LogPluginManager: Mounting plugin AISupport
LogPluginManager: Mounting plugin LightPropagationVolume
LogPluginManager: Mounting plugin ActorLayerUtilities
LogPluginManager: Mounting plugin AnimationSharing
LogPluginManager: Mounting plugin CLionSourceCodeAccess
LogPluginManager: Mounting plugin CodeLiteSourceCodeAccess
LogPluginManager: Mounting plugin GitSourceControl
LogPluginManager: Mounting plugin KDevelopSourceCodeAccess
LogPluginManager: Mounting plugin NullSourceCodeAccess
LogPluginManager: Mounting plugin PerforceSourceControl
LogPluginManager: Mounting plugin SubversionSourceControl
LogPluginManager: Mounting plugin UObjectPlugin
LogPluginManager: Mounting plugin VisualStudioCodeSourceCodeAccess
LogPluginManager: Mounting plugin VisualStudioSourceCodeAccess
LogPluginManager: Mounting plugin XCodeSourceCodeAccess
LogPluginManager: Mounting plugin AssetManagerEditor
LogPluginManager: Mounting plugin CryptoKeys
LogPluginManager: Mounting plugin DataValidation
LogPluginManager: Mounting plugin FacialAnimation
LogPluginManager: Mounting plugin GameplayTagsEditor
LogPluginManager: Mounting plugin MacGraphicsSwitching
LogPluginManager: Mounting plugin MaterialAnalyzer
LogPluginManager: Mounting plugin MobileLauncherProfileWizard
LogPluginManager: Mounting plugin PluginBrowser
LogPluginManager: Mounting plugin SpeedTreeImporter
LogPluginManager: Mounting plugin DatasmithContent
LogPluginManager: Mounting plugin VariantManagerContent
LogPluginManager: Mounting plugin AlembicImporter
LogPluginManager: Mounting plugin AppleImageUtils
LogPluginManager: Mounting plugin AppleVision
LogPluginManager: Mounting plugin BackChannel
LogPluginManager: Mounting plugin CharacterAI
LogPluginManager: Mounting plugin GeometryCache
LogPluginManager: Mounting plugin HTML5Networking
LogPluginManager: Mounting plugin ProxyLODPlugin
LogPluginManager: Mounting plugin SkeletalReduction
LogPluginManager: Mounting plugin MagicLeap
LogPluginManager: Mounting plugin MagicLeapMedia
LogPluginManager: Mounting plugin AndroidMedia
LogPluginManager: Mounting plugin AvfMedia
LogPluginManager: Mounting plugin ImgMedia
LogPluginManager: Mounting plugin LinearTimecode
LogPluginManager: Mounting plugin MediaCompositing
LogPluginManager: Mounting plugin MediaPlayerEditor
LogPluginManager: Mounting plugin WebMMedia
LogPluginManager: Mounting plugin WmfMedia
LogPluginManager: Mounting plugin TcpMessaging
LogPluginManager: Mounting plugin UdpMessaging
LogPluginManager: Mounting plugin ActorSequence
LogPluginManager: Mounting plugin LevelSequenceEditor
LogPluginManager: Mounting plugin MatineeToLevelSequence
LogPluginManager: Mounting plugin NetcodeUnitTest
LogPluginManager: Mounting plugin NUTUnrealEngine4
LogPluginManager: Mounting plugin OnlineSubsystemGooglePlay
LogPluginManager: Mounting plugin OnlineSubsystemIOS
LogPluginManager: Mounting plugin OnlineSubsystem
LogPluginManager: Mounting plugin OnlineSubsystemNull
LogPluginManager: Mounting plugin OnlineSubsystemUtils
LogPluginManager: Mounting plugin LauncherChunkInstaller
LogPluginManager: Mounting plugin AndroidDeviceProfileSelector
LogPluginManager: Mounting plugin AndroidMoviePlayer
LogPluginManager: Mounting plugin AndroidPermission
LogPluginManager: Mounting plugin AppleMoviePlayer
LogPluginManager: Mounting plugin ArchVisCharacter
LogPluginManager: Mounting plugin AudioCapture
LogPluginManager: Mounting plugin CableComponent
LogPluginManager: Mounting plugin CustomMeshComponent
LogPluginManager: Mounting plugin EditableMesh
LogPluginManager: Mounting plugin ExampleDeviceProfileSelector
LogPluginManager: Mounting plugin Firebase
LogPluginManager: Mounting plugin GoogleCloudMessaging
LogPluginManager: Mounting plugin IOSDeviceProfileSelector
LogPluginManager: Mounting plugin LinuxDeviceProfileSelector
LogPluginManager: Mounting plugin LocationServicesBPLibrary
LogPluginManager: Mounting plugin MobilePatchingUtils
LogPluginManager: Mounting plugin OculusVR
LogPluginManager: Mounting plugin PhysXVehicles
LogPluginManager: Mounting plugin ProceduralMeshComponent
LogPluginManager: Mounting plugin RuntimePhysXCooking
LogPluginManager: Mounting plugin SignificanceManager
LogPluginManager: Mounting plugin SteamVR
LogPluginManager: Mounting plugin WebMMoviePlayer
LogPluginManager: Mounting plugin WindowsMoviePlayer
LogInit: Using libcurl 7.55.1-DEV
LogInit:  - built for x86_64-pc-win32
LogInit:  - supports SSL with OpenSSL/1.1.1
LogInit:  - supports HTTP deflate (compression) using libz 1.2.8
LogInit:  - other features:
LogInit:      CURL_VERSION_SSL
LogInit:      CURL_VERSION_LIBZ
LogInit:      CURL_VERSION_IPV6
LogInit:      CURL_VERSION_ASYNCHDNS
LogInit:      CURL_VERSION_LARGEFILE
LogInit:      CURL_VERSION_IDN
LogInit:  CurlRequestOptions (configurable via config and command line):
LogInit:  - bVerifyPeer = true  - Libcurl will verify peer certificate
LogInit:  - bUseHttpProxy = false  - Libcurl will NOT use HTTP proxy
LogInit:  - bDontReuseConnections = false  - Libcurl will reuse connections
LogInit:  - MaxHostConnections = 16  - Libcurl will limit the number of connections to a host
LogInit:  - LocalHostAddr = Default
LogInit:  - BufferSize = 65536
LogInit: WinSock: version 1.1 (2.2), MaxSocks=32767, MaxUdp=65467
LogInit: Build: ++UE4+Release-4.22-CL-6574378
LogInit: Engine Version: 4.22.2-6574378+++UE4+Release-4.22
LogInit: Compatible Engine Version: 4.22.0-5660361+++UE4+Release-4.22
LogInit: Net CL: 5660361
LogInit: OS: Windows 10 (Release 1809) (), CPU: Intel(R) Core(TM) i5-8600K CPU @ 3.60GHz, GPU: NVIDIA GeForce GTX 1070 Ti
LogInit: Compiled (64-bit): May 20 2019 09:54:56
LogInit: Compiled with Visual C++: 19.16.27025.01
LogInit: Build Configuration: Development
LogInit: Branch Name: ++UE4+Release-4.22
LogInit: Command Line: 
LogInit: Base Directory: X:/Unreal Engine/UE_4.22/Engine/Binaries/Win64/
LogInit: Installed Engine Build: 1
LogDevObjectVersion: Number of dev versions registered: 23
LogDevObjectVersion:   Dev-Blueprints (B0D832E4-1F89-4F0D-ACCF-7EB736FD4AA2): 10
LogDevObjectVersion:   Dev-Build (E1C64328-A22C-4D53-A36C-8E866417BD8C): 0
LogDevObjectVersion:   Dev-Core (375EC13C-06E4-48FB-B500-84F0262A717E): 3
LogDevObjectVersion:   Dev-Editor (E4B068ED-F494-42E9-A231-DA0B2E46BB41): 30
LogDevObjectVersion:   Dev-Framework (CFFC743F-43B0-4480-9391-14DF171D2073): 35
LogDevObjectVersion:   Dev-Mobile (B02B49B5-BB20-44E9-A304-32B752E40360): 2
LogDevObjectVersion:   Dev-Networking (A4E4105C-59A1-49B5-A7C5-40C4547EDFEE): 0
LogDevObjectVersion:   Dev-Online (39C831C9-5AE6-47DC-9A44-9C173E1C8E7C): 0
LogDevObjectVersion:   Dev-Physics (78F01B33-EBEA-4F98-B9B4-84EACCB95AA2): 0
LogDevObjectVersion:   Dev-Platform (6631380F-2D4D-43E0-8009-CF276956A95A): 0
LogDevObjectVersion:   Dev-Rendering (12F88B9F-8875-4AFC-A67C-D90C383ABD29): 28
LogDevObjectVersion:   Dev-Sequencer (7B5AE74C-D270-4C10-A958-57980B212A5A): 11
LogDevObjectVersion:   Dev-VR (D7296918-1DD6-4BDD-9DE2-64A83CC13884): 2
LogDevObjectVersion:   Dev-LoadTimes (C2A15278-BFE7-4AFE-6C17-90FF531DF755): 1
LogDevObjectVersion:   Private-Geometry (6EACA3D4-40EC-4CC1-B786-8BED09428FC5): 3
LogDevObjectVersion:   Dev-AnimPhys (29E575DD-E0A3-4627-9D10-D276232CDCEA): 17
LogDevObjectVersion:   Dev-Anim (AF43A65D-7FD3-4947-9873-3E8ED9C1BB05): 2
LogDevObjectVersion:   Dev-ReflectionCapture (6B266CEC-1EC7-4B8F-A30B-E4D90942FC07): 1
LogDevObjectVersion:   Dev-Automation (0DF73D61-A23F-47EA-B727-89E90C41499A): 1
LogDevObjectVersion:   FortniteMain (601D1886-AC64-4F84-AA16-D3DE0DEAC7D6): 25
LogDevObjectVersion:   Dev-Enterprise (9DFFBCD6-494F-0158-E221-12823C92A888): 6
LogDevObjectVersion:   Dev-Niagara (F2AED0AC-9AFE-416F-8664-AA7FFA26D6FC): 1
LogDevObjectVersion:   Dev-Destruction (174F1F0B-B4C6-45A5-B13F-2EE8D0FB917D): 2
LogInit: Presizing for max 16777216 objects, including 0 objects not considered by GC, pre-allocating 0 bytes for permanent pool.
LogInit: Object subsystem initialized
LogConfig: Setting CVar [[con.DebugEarlyDefault:1]]
LogConfig: Setting CVar [[r.setres:1280x720]]
[2019.06.28-01.38.19:359][  0]LogConfig: Setting CVar [[r.VSync:0]]
[2019.06.28-01.38.19:359][  0]LogConfig: Setting CVar [[r.RHICmdBypass:0]]
[2019.06.28-01.38.19:359][  0]LogConfig: Applying CVar settings from Section [/Script/Engine.RendererSettings] File [C:/Users/14796/Documents/GitHub/ProjectNorthStar/ProjectNorthStar/Saved/Config/Windows/Engine.ini]
[2019.06.28-01.38.19:359][  0]LogConfig: Setting CVar [[r.GPUCrashDebugging:0]]
[2019.06.28-01.38.19:359][  0]LogConfig: Setting CVar [[r.DefaultFeature.AmbientOcclusion:0]]
[2019.06.28-01.38.19:359][  0]LogConfig: Setting CVar [[r.DefaultFeature.AmbientOcclusionStaticFraction:0]]
[2019.06.28-01.38.19:359][  0]LogConfig: Setting CVar [[vr.InstancedStereo:1]]
[2019.06.28-01.38.19:359][  0]LogConfig: Setting CVar [[r.SeparateTranslucency:0]]
[2019.06.28-01.38.19:359][  0]LogConfig: Setting CVar [[r.HZBOcclusion:0]]
[2019.06.28-01.38.19:359][  0]LogConfig: Setting CVar [[r.SSR.MaxRoughness:0]]
[2019.06.28-01.38.19:359][  0]LogConfig: Setting CVar [[r.rhicmdbypass:0]]
[2019.06.28-01.38.19:359][  0]LogConfig: Applying CVar settings from Section [/Script/Engine.RendererOverrideSettings] File [C:/Users/14796/Documents/GitHub/ProjectNorthStar/ProjectNorthStar/Saved/Config/Windows/Engine.ini]
[2019.06.28-01.38.19:359][  0]LogConfig: Applying CVar settings from Section [/Script/Engine.StreamingSettings] File [C:/Users/14796/Documents/GitHub/ProjectNorthStar/ProjectNorthStar/Saved/Config/Windows/Engine.ini]
[2019.06.28-01.38.19:359][  0]LogConfig: Setting CVar [[s.MinBulkDataSizeForAsyncLoading:131072]]
[2019.06.28-01.38.19:359][  0]LogConfig: Setting CVar [[s.AsyncLoadingThreadEnabled:0]]
[2019.06.28-01.38.19:359][  0]LogConfig: Setting CVar [[s.EventDrivenLoaderEnabled:1]]
[2019.06.28-01.38.19:359][  0]LogConfig: Setting CVar [[s.WarnIfTimeLimitExceeded:0]]
[2019.06.28-01.38.19:359][  0]LogConfig: Setting CVar [[s.TimeLimitExceededMultiplier:1.5]]
[2019.06.28-01.38.19:359][  0]LogConfig: Setting CVar [[s.TimeLimitExceededMinTime:0.005]]
[2019.06.28-01.38.19:359][  0]LogConfig: Setting CVar [[s.UseBackgroundLevelStreaming:1]]
[2019.06.28-01.38.19:359][  0]LogConfig: Setting CVar [[s.PriorityAsyncLoadingExtraTime:15.0]]
[2019.06.28-01.38.19:359][  0]LogConfig: Setting CVar [[s.LevelStreamingActorsUpdateTimeLimit:5.0]]
[2019.06.28-01.38.19:359][  0]LogConfig: Setting CVar [[s.PriorityLevelStreamingActorsUpdateExtraTime:5.0]]
[2019.06.28-01.38.19:359][  0]LogConfig: Setting CVar [[s.LevelStreamingComponentsRegistrationGranularity:10]]
[2019.06.28-01.38.19:359][  0]LogConfig: Setting CVar [[s.UnregisterComponentsTimeLimit:1.0]]
[2019.06.28-01.38.19:359][  0]LogConfig: Setting CVar [[s.LevelStreamingComponentsUnregistrationGranularity:5]]
[2019.06.28-01.38.19:360][  0]LogConfig: Applying CVar settings from Section [/Script/Engine.GarbageCollectionSettings] File [C:/Users/14796/Documents/GitHub/ProjectNorthStar/ProjectNorthStar/Saved/Config/Windows/Engine.ini]
[2019.06.28-01.38.19:360][  0]LogConfig: Setting CVar [[gc.MaxObjectsNotConsideredByGC:1]]
[2019.06.28-01.38.19:360][  0]LogConfig: Setting CVar [[gc.SizeOfPermanentObjectPool:0]]
[2019.06.28-01.38.19:360][  0]LogConfig: Setting CVar [[gc.FlushStreamingOnGC:0]]
[2019.06.28-01.38.19:360][  0]LogConfig: Setting CVar [[gc.NumRetriesBeforeForcingGC:10]]
[2019.06.28-01.38.19:360][  0]LogConfig: Setting CVar [[gc.AllowParallelGC:1]]
[2019.06.28-01.38.19:360][  0]LogConfig: Setting CVar [[gc.TimeBetweenPurgingPendingKillObjects:61.1]]
[2019.06.28-01.38.19:360][  0]LogConfig: Setting CVar [[gc.MaxObjectsInEditor:16777216]]
[2019.06.28-01.38.19:360][  0]LogConfig: Setting CVar [[gc.IncrementalBeginDestroyEnabled:1]]
[2019.06.28-01.38.19:360][  0]LogConfig: Setting CVar [[gc.CreateGCClusters:1]]
[2019.06.28-01.38.19:360][  0]LogConfig: Setting CVar [[gc.MinGCClusterSize:5]]
[2019.06.28-01.38.19:360][  0]LogConfig: Setting CVar [[gc.ActorClusteringEnabled:0]]
[2019.06.28-01.38.19:360][  0]LogConfig: Setting CVar [[gc.BlueprintClusteringEnabled:0]]
[2019.06.28-01.38.19:360][  0]LogConfig: Setting CVar [[gc.UseDisregardForGCOnDedicatedServers:0]]
[2019.06.28-01.38.19:360][  0]LogConfig: Applying CVar settings from Section [/Script/Engine.NetworkSettings] File [C:/Users/14796/Documents/GitHub/ProjectNorthStar/ProjectNorthStar/Saved/Config/Windows/Engine.ini]
[2019.06.28-01.38.19:360][  0]LogConfig: Applying CVar settings from Section [/Script/UnrealEd.CookerSettings] File [C:/Users/14796/Documents/GitHub/ProjectNorthStar/ProjectNorthStar/Saved/Config/Windows/Engine.ini]
[2019.06.28-01.38.19:362][  0]LogConfig: Applying CVar settings from Section [ViewDistanceQuality@3] File [C:/Users/14796/Documents/GitHub/ProjectNorthStar/ProjectNorthStar/Saved/Config/Windows/Scalability.ini]
[2019.06.28-01.38.19:362][  0]LogConfig: Setting CVar [[r.SkeletalMeshLODBias:0]]
[2019.06.28-01.38.19:362][  0]LogConfig: Setting CVar [[r.ViewDistanceScale:1.0]]
[2019.06.28-01.38.19:362][  0]LogConfig: Applying CVar settings from Section [AntiAliasingQuality@3] File [C:/Users/14796/Documents/GitHub/ProjectNorthStar/ProjectNorthStar/Saved/Config/Windows/Scalability.ini]
[2019.06.28-01.38.19:362][  0]LogConfig: Setting CVar [[r.PostProcessAAQuality:3]]
[2019.06.28-01.38.19:362][  0]LogConfig: Applying CVar settings from Section [ShadowQuality@3] File [C:/Users/14796/Documents/GitHub/ProjectNorthStar/ProjectNorthStar/Saved/Config/Windows/Scalability.ini]
[2019.06.28-01.38.19:362][  0]LogConfig: Setting CVar [[r.LightFunctionQuality:1]]
[2019.06.28-01.38.19:362][  0]LogConfig: Setting CVar [[r.ShadowQuality:5]]
[2019.06.28-01.38.19:362][  0]LogConfig: Setting CVar [[r.Shadow.CSM.MaxCascades:10]]
[2019.06.28-01.38.19:362][  0]LogConfig: Setting CVar [[r.Shadow.MaxResolution:2048]]
[2019.06.28-01.38.19:362][  0]LogConfig: Setting CVar [[r.Shadow.MaxCSMResolution:2048]]
[2019.06.28-01.38.19:362][  0]LogConfig: Setting CVar [[r.Shadow.RadiusThreshold:0.01]]
[2019.06.28-01.38.19:362][  0]LogConfig: Setting CVar [[r.Shadow.DistanceScale:1.0]]
[2019.06.28-01.38.19:362][  0]LogConfig: Setting CVar [[r.Shadow.CSM.TransitionScale:1.0]]
[2019.06.28-01.38.19:362][  0]LogConfig: Setting CVar [[r.Shadow.PreShadowResolutionFactor:1.0]]
[2019.06.28-01.38.19:362][  0]LogConfig: Setting CVar [[r.DistanceFieldShadowing:1]]
[2019.06.28-01.38.19:362][  0]LogConfig: Setting CVar [[r.DistanceFieldAO:1]]
[2019.06.28-01.38.19:362][  0]LogConfig: Setting CVar [[r.AOQuality:2]]
[2019.06.28-01.38.19:362][  0]LogConfig: Setting CVar [[r.VolumetricFog:1]]
[2019.06.28-01.38.19:362][  0]LogConfig: Setting CVar [[r.VolumetricFog.GridPixelSize:8]]
[2019.06.28-01.38.19:362][  0]LogConfig: Setting CVar [[r.VolumetricFog.GridSizeZ:128]]
[2019.06.28-01.38.19:362][  0]LogConfig: Setting CVar [[r.VolumetricFog.HistoryMissSupersampleCount:4]]
[2019.06.28-01.38.19:362][  0]LogConfig: Setting CVar [[r.LightMaxDrawDistanceScale:1]]
[2019.06.28-01.38.19:363][  0]LogConfig: Setting CVar [[r.CapsuleShadows:1]]
[2019.06.28-01.38.19:363][  0]LogConfig: Applying CVar settings from Section [PostProcessQuality@3] File [C:/Users/14796/Documents/GitHub/ProjectNorthStar/ProjectNorthStar/Saved/Config/Windows/Scalability.ini]
[2019.06.28-01.38.19:363][  0]LogConfig: Setting CVar [[r.MotionBlurQuality:0]]
[2019.06.28-01.38.19:363][  0]LogConfig: Setting CVar [[r.AmbientOcclusionMipLevelFactor:0.4]]
[2019.06.28-01.38.19:363][  0]LogConfig: Setting CVar [[r.AmbientOcclusionMaxQuality:100]]
[2019.06.28-01.38.19:363][  0]LogConfig: Setting CVar [[r.AmbientOcclusionLevels:0]]
[2019.06.28-01.38.19:363][  0]LogConfig: Setting CVar [[r.AmbientOcclusionRadiusScale:1.0]]
[2019.06.28-01.38.19:363][  0]LogConfig: Setting CVar [[r.DepthOfFieldQuality:0]]
[2019.06.28-01.38.19:363][  0]LogConfig: Setting CVar [[r.RenderTargetPoolMin:400]]
[2019.06.28-01.38.19:363][  0]LogConfig: Setting CVar [[r.LensFlareQuality:0]]
[2019.06.28-01.38.19:363][  0]LogConfig: Setting CVar [[r.SceneColorFringeQuality:0]]
[2019.06.28-01.38.19:363][  0]LogConfig: Setting CVar [[r.EyeAdaptationQuality:2]]
[2019.06.28-01.38.19:363][  0]LogConfig: Setting CVar [[r.BloomQuality:1]]
[2019.06.28-01.38.19:363][  0]LogConfig: Setting CVar [[r.FastBlurThreshold:0]]
[2019.06.28-01.38.19:363][  0]LogConfig: Setting CVar [[r.Upscale.Quality:3]]
[2019.06.28-01.38.19:363][  0]LogConfig: Setting CVar [[r.Tonemapper.GrainQuantization:1]]
[2019.06.28-01.38.19:363][  0]LogConfig: Setting CVar [[r.LightShaftQuality:1]]
[2019.06.28-01.38.19:363][  0]LogConfig: Setting CVar [[r.Filter.SizeScale:1]]
[2019.06.28-01.38.19:363][  0]LogConfig: Setting CVar [[r.Tonemapper.Quality:5]]
[2019.06.28-01.38.19:363][  0]LogConfig: Setting CVar [[r.DOF.Gather.AccumulatorQuality:1        ; higher gathering accumulator quality]]
[2019.06.28-01.38.19:363][  0]LogConfig: Setting CVar [[r.DOF.Gather.PostfilterMethod:1          ; Median3x3 postfilering method]]
[2019.06.28-01.38.19:363][  0]LogConfig: Setting CVar [[r.DOF.Gather.EnableBokehSettings:0       ; no bokeh simulation when gathering]]
[2019.06.28-01.38.19:363][  0]LogConfig: Setting CVar [[r.DOF.Gather.RingCount:4                 ; medium number of samples when gathering]]
[2019.06.28-01.38.19:363][  0]LogConfig: Setting CVar [[r.DOF.Scatter.ForegroundCompositing:1    ; additive foreground scattering]]
[2019.06.28-01.38.19:363][  0]LogConfig: Setting CVar [[r.DOF.Scatter.BackgroundCompositing:2    ; additive background scattering]]
[2019.06.28-01.38.19:363][  0]LogConfig: Setting CVar [[r.DOF.Scatter.EnableBokehSettings:1      ; bokeh simulation when scattering]]
[2019.06.28-01.38.19:363][  0]LogConfig: Setting CVar [[r.DOF.Scatter.MaxSpriteRatio:0.1         ; only a maximum of 10% of scattered bokeh]]
[2019.06.28-01.38.19:363][  0]LogConfig: Setting CVar [[r.DOF.Recombine.Quality:1                ; cheap slight out of focus]]
[2019.06.28-01.38.19:363][  0]LogConfig: Setting CVar [[r.DOF.Recombine.EnableBokehSettings:0    ; no bokeh simulation on slight out of focus]]
[2019.06.28-01.38.19:363][  0]LogConfig: Setting CVar [[r.DOF.TemporalAAQuality:1                ; more stable temporal accumulation]]
[2019.06.28-01.38.19:363][  0]LogConfig: Setting CVar [[r.DOF.Kernel.MaxForegroundRadius:0.025]]
[2019.06.28-01.38.19:363][  0]LogConfig: Setting CVar [[r.DOF.Kernel.MaxBackgroundRadius:0.025]]
[2019.06.28-01.38.19:363][  0]LogConfig: Applying CVar settings from Section [TextureQuality@3] File [C:/Users/14796/Documents/GitHub/ProjectNorthStar/ProjectNorthStar/Saved/Config/Windows/Scalability.ini]
[2019.06.28-01.38.19:363][  0]LogConfig: Setting CVar [[r.Streaming.MipBias:0]]
[2019.06.28-01.38.19:363][  0]LogConfig: Setting CVar [[r.Streaming.AmortizeCPUToGPUCopy:0]]
[2019.06.28-01.38.19:363][  0]LogConfig: Setting CVar [[r.Streaming.MaxNumTexturesToStreamPerFrame:0]]
[2019.06.28-01.38.19:363][  0]LogConfig: Setting CVar [[r.Streaming.Boost:1]]
[2019.06.28-01.38.19:363][  0]LogConfig: Setting CVar [[r.MaxAnisotropy:8]]
[2019.06.28-01.38.19:363][  0]LogConfig: Setting CVar [[r.Streaming.LimitPoolSizeToVRAM:0]]
[2019.06.28-01.38.19:363][  0]LogConfig: Setting CVar [[r.Streaming.PoolSize:1000]]
[2019.06.28-01.38.19:363][  0]LogConfig: Setting CVar [[r.Streaming.MaxEffectiveScreenSize:0]]
[2019.06.28-01.38.19:363][  0]LogConfig: Applying CVar settings from Section [EffectsQuality@3] File [C:/Users/14796/Documents/GitHub/ProjectNorthStar/ProjectNorthStar/Saved/Config/Windows/Scalability.ini]
[2019.06.28-01.38.19:363][  0]LogConfig: Setting CVar [[r.TranslucencyLightingVolumeDim:4]]
[2019.06.28-01.38.19:363][  0]LogConfig: Setting CVar [[r.RefractionQuality:2]]
[2019.06.28-01.38.19:363][  0]LogConfig: Setting CVar [[r.SSR.Quality:0]]
[2019.06.28-01.38.19:363][  0]LogConfig: Setting CVar [[r.SceneColorFormat:2]]
[2019.06.28-01.38.19:363][  0]LogConfig: Setting CVar [[r.DetailMode:2]]
[2019.06.28-01.38.19:363][  0]LogConfig: Setting CVar [[r.TranslucencyVolumeBlur:0]]
[2019.06.28-01.38.19:363][  0]LogConfig: Setting CVar [[r.MaterialQualityLevel:1 ; High quality]]
[2019.06.28-01.38.19:363][  0]LogConfig: Setting CVar [[r.SSS.Scale:1]]
[2019.06.28-01.38.19:363][  0]LogConfig: Setting CVar [[r.SSS.SampleSet:2]]
[2019.06.28-01.38.19:363][  0]LogConfig: Setting CVar [[r.SSS.Quality:1]]
[2019.06.28-01.38.19:363][  0]LogConfig: Setting CVar [[r.SSS.HalfRes:1]]
[2019.06.28-01.38.19:363][  0]LogConfig: Setting CVar [[r.EmitterSpawnRateScale:1.0]]
[2019.06.28-01.38.19:363][  0]LogConfig: Setting CVar [[r.ParticleLightQuality:2]]
[2019.06.28-01.38.19:363][  0]LogConfig: Applying CVar settings from Section [FoliageQuality@3] File [C:/Users/14796/Documents/GitHub/ProjectNorthStar/ProjectNorthStar/Saved/Config/Windows/Scalability.ini]
[2019.06.28-01.38.19:363][  0]LogConfig: Setting CVar [[foliage.DensityScale:1.0]]
[2019.06.28-01.38.19:363][  0]LogConfig: Setting CVar [[grass.DensityScale:1.0]]
[2019.06.28-01.38.19:363][  0]LogInit: Selected Device Profile: [Windows]
[2019.06.28-01.38.19:363][  0]LogInit: Applying CVar settings loaded from the selected device profile: [Windows]
[2019.06.28-01.38.19:377][  0]LogHAL: Display: Platform has ~ 16 GB [17132916736 / 17179869184 / 16], which maps to Larger [LargestMinGB=32, LargerMinGB=12, DefaultMinGB=8, SmallerMinGB=6, SmallestMinGB=0)
[2019.06.28-01.38.19:378][  0]LogConfig: Setting CVar [[r.Vulkan.UseRealUBs:0		; Required until we fix HLR fall-out]]
[2019.06.28-01.38.19:378][  0]LogInit: Going up to parent DeviceProfile []
[2019.06.28-01.38.19:378][  0]LogConfig: Applying CVar settings from Section [ViewDistanceQuality@3] File [C:/Users/14796/Documents/GitHub/ProjectNorthStar/ProjectNorthStar/Saved/Config/Windows/Scalability.ini]
[2019.06.28-01.38.19:378][  0]LogConfig: Setting CVar [[r.SkeletalMeshLODBias:0]]
[2019.06.28-01.38.19:378][  0]LogConfig: Setting CVar [[r.ViewDistanceScale:1.0]]
[2019.06.28-01.38.19:378][  0]LogConfig: Applying CVar settings from Section [AntiAliasingQuality@3] File [C:/Users/14796/Documents/GitHub/ProjectNorthStar/ProjectNorthStar/Saved/Config/Windows/Scalability.ini]
[2019.06.28-01.38.19:378][  0]LogConfig: Setting CVar [[r.PostProcessAAQuality:3]]
[2019.06.28-01.38.19:378][  0]LogConfig: Applying CVar settings from Section [ShadowQuality@3] File [C:/Users/14796/Documents/GitHub/ProjectNorthStar/ProjectNorthStar/Saved/Config/Windows/Scalability.ini]
[2019.06.28-01.38.19:378][  0]LogConfig: Setting CVar [[r.LightFunctionQuality:1]]
[2019.06.28-01.38.19:378][  0]LogConfig: Setting CVar [[r.ShadowQuality:5]]
[2019.06.28-01.38.19:378][  0]LogConfig: Setting CVar [[r.Shadow.CSM.MaxCascades:10]]
[2019.06.28-01.38.19:378][  0]LogConfig: Setting CVar [[r.Shadow.MaxResolution:2048]]
[2019.06.28-01.38.19:378][  0]LogConfig: Setting CVar [[r.Shadow.MaxCSMResolution:2048]]
[2019.06.28-01.38.19:378][  0]LogConfig: Setting CVar [[r.Shadow.RadiusThreshold:0.01]]
[2019.06.28-01.38.19:378][  0]LogConfig: Setting CVar [[r.Shadow.DistanceScale:1.0]]
[2019.06.28-01.38.19:378][  0]LogConfig: Setting CVar [[r.Shadow.CSM.TransitionScale:1.0]]
[2019.06.28-01.38.19:378][  0]LogConfig: Setting CVar [[r.Shadow.PreShadowResolutionFactor:1.0]]
[2019.06.28-01.38.19:378][  0]LogConfig: Setting CVar [[r.DistanceFieldShadowing:1]]
[2019.06.28-01.38.19:378][  0]LogConfig: Setting CVar [[r.DistanceFieldAO:1]]
[2019.06.28-01.38.19:378][  0]LogConfig: Setting CVar [[r.AOQuality:2]]
[2019.06.28-01.38.19:378][  0]LogConfig: Setting CVar [[r.VolumetricFog:1]]
[2019.06.28-01.38.19:378][  0]LogConfig: Setting CVar [[r.VolumetricFog.GridPixelSize:8]]
[2019.06.28-01.38.19:378][  0]LogConfig: Setting CVar [[r.VolumetricFog.GridSizeZ:128]]
[2019.06.28-01.38.19:378][  0]LogConfig: Setting CVar [[r.VolumetricFog.HistoryMissSupersampleCount:4]]
[2019.06.28-01.38.19:378][  0]LogConfig: Setting CVar [[r.LightMaxDrawDistanceScale:1]]
[2019.06.28-01.38.19:378][  0]LogConfig: Setting CVar [[r.CapsuleShadows:1]]
[2019.06.28-01.38.19:378][  0]LogConfig: Applying CVar settings from Section [PostProcessQuality@3] File [C:/Users/14796/Documents/GitHub/ProjectNorthStar/ProjectNorthStar/Saved/Config/Windows/Scalability.ini]
[2019.06.28-01.38.19:378][  0]LogConfig: Setting CVar [[r.MotionBlurQuality:0]]
[2019.06.28-01.38.19:378][  0]LogConfig: Setting CVar [[r.AmbientOcclusionMipLevelFactor:0.4]]
[2019.06.28-01.38.19:378][  0]LogConfig: Setting CVar [[r.AmbientOcclusionMaxQuality:100]]
[2019.06.28-01.38.19:378][  0]LogConfig: Setting CVar [[r.AmbientOcclusionLevels:0]]
[2019.06.28-01.38.19:378][  0]LogConfig: Setting CVar [[r.AmbientOcclusionRadiusScale:1.0]]
[2019.06.28-01.38.19:378][  0]LogConfig: Setting CVar [[r.DepthOfFieldQuality:0]]
[2019.06.28-01.38.19:378][  0]LogConfig: Setting CVar [[r.RenderTargetPoolMin:400]]
[2019.06.28-01.38.19:378][  0]LogConfig: Setting CVar [[r.LensFlareQuality:0]]
[2019.06.28-01.38.19:378][  0]LogConfig: Setting CVar [[r.SceneColorFringeQuality:0]]
[2019.06.28-01.38.19:378][  0]LogConfig: Setting CVar [[r.EyeAdaptationQuality:2]]
[2019.06.28-01.38.19:378][  0]LogConfig: Setting CVar [[r.BloomQuality:1]]
[2019.06.28-01.38.19:378][  0]LogConfig: Setting CVar [[r.FastBlurThreshold:0]]
[2019.06.28-01.38.19:378][  0]LogConfig: Setting CVar [[r.Upscale.Quality:3]]
[2019.06.28-01.38.19:378][  0]LogConfig: Setting CVar [[r.Tonemapper.GrainQuantization:1]]
[2019.06.28-01.38.19:378][  0]LogConfig: Setting CVar [[r.LightShaftQuality:1]]
[2019.06.28-01.38.19:378][  0]LogConfig: Setting CVar [[r.Filter.SizeScale:1]]
[2019.06.28-01.38.19:378][  0]LogConfig: Setting CVar [[r.Tonemapper.Quality:5]]
[2019.06.28-01.38.19:378][  0]LogConfig: Setting CVar [[r.DOF.Gather.AccumulatorQuality:1        ; higher gathering accumulator quality]]
[2019.06.28-01.38.19:378][  0]LogConfig: Setting CVar [[r.DOF.Gather.PostfilterMethod:1          ; Median3x3 postfilering method]]
[2019.06.28-01.38.19:378][  0]LogConfig: Setting CVar [[r.DOF.Gather.EnableBokehSettings:0       ; no bokeh simulation when gathering]]
[2019.06.28-01.38.19:378][  0]LogConfig: Setting CVar [[r.DOF.Gather.RingCount:4                 ; medium number of samples when gathering]]
[2019.06.28-01.38.19:378][  0]LogConfig: Setting CVar [[r.DOF.Scatter.ForegroundCompositing:1    ; additive foreground scattering]]
[2019.06.28-01.38.19:378][  0]LogConfig: Setting CVar [[r.DOF.Scatter.BackgroundCompositing:2    ; additive background scattering]]
[2019.06.28-01.38.19:378][  0]LogConfig: Setting CVar [[r.DOF.Scatter.EnableBokehSettings:1      ; bokeh simulation when scattering]]
[2019.06.28-01.38.19:378][  0]LogConfig: Setting CVar [[r.DOF.Scatter.MaxSpriteRatio:0.1         ; only a maximum of 10% of scattered bokeh]]
[2019.06.28-01.38.19:378][  0]LogConfig: Setting CVar [[r.DOF.Recombine.Quality:1                ; cheap slight out of focus]]
[2019.06.28-01.38.19:378][  0]LogConfig: Setting CVar [[r.DOF.Recombine.EnableBokehSettings:0    ; no bokeh simulation on slight out of focus]]
[2019.06.28-01.38.19:378][  0]LogConfig: Setting CVar [[r.DOF.TemporalAAQuality:1                ; more stable temporal accumulation]]
[2019.06.28-01.38.19:378][  0]LogConfig: Setting CVar [[r.DOF.Kernel.MaxForegroundRadius:0.025]]
[2019.06.28-01.38.19:378][  0]LogConfig: Setting CVar [[r.DOF.Kernel.MaxBackgroundRadius:0.025]]
[2019.06.28-01.38.19:378][  0]LogConfig: Applying CVar settings from Section [TextureQuality@3] File [C:/Users/14796/Documents/GitHub/ProjectNorthStar/ProjectNorthStar/Saved/Config/Windows/Scalability.ini]
[2019.06.28-01.38.19:378][  0]LogConfig: Setting CVar [[r.Streaming.MipBias:0]]
[2019.06.28-01.38.19:378][  0]LogConfig: Setting CVar [[r.Streaming.AmortizeCPUToGPUCopy:0]]
[2019.06.28-01.38.19:378][  0]LogConfig: Setting CVar [[r.Streaming.MaxNumTexturesToStreamPerFrame:0]]
[2019.06.28-01.38.19:378][  0]LogConfig: Setting CVar [[r.Streaming.Boost:1]]
[2019.06.28-01.38.19:378][  0]LogConfig: Setting CVar [[r.MaxAnisotropy:8]]
[2019.06.28-01.38.19:378][  0]LogConfig: Setting CVar [[r.Streaming.LimitPoolSizeToVRAM:0]]
[2019.06.28-01.38.19:378][  0]LogConfig: Setting CVar [[r.Streaming.PoolSize:1000]]
[2019.06.28-01.38.19:378][  0]LogConfig: Setting CVar [[r.Streaming.MaxEffectiveScreenSize:0]]
[2019.06.28-01.38.19:378][  0]LogConfig: Applying CVar settings from Section [EffectsQuality@3] File [C:/Users/14796/Documents/GitHub/ProjectNorthStar/ProjectNorthStar/Saved/Config/Windows/Scalability.ini]
[2019.06.28-01.38.19:378][  0]LogConfig: Setting CVar [[r.TranslucencyLightingVolumeDim:4]]
[2019.06.28-01.38.19:378][  0]LogConfig: Setting CVar [[r.RefractionQuality:2]]
[2019.06.28-01.38.19:378][  0]LogConfig: Setting CVar [[r.SSR.Quality:0]]
[2019.06.28-01.38.19:378][  0]LogConfig: Setting CVar [[r.SceneColorFormat:2]]
[2019.06.28-01.38.19:378][  0]LogConfig: Setting CVar [[r.DetailMode:2]]
[2019.06.28-01.38.19:378][  0]LogConfig: Setting CVar [[r.TranslucencyVolumeBlur:0]]
[2019.06.28-01.38.19:378][  0]LogConfig: Setting CVar [[r.MaterialQualityLevel:1 ; High quality]]
[2019.06.28-01.38.19:378][  0]LogConfig: Setting CVar [[r.SSS.Scale:1]]
[2019.06.28-01.38.19:378][  0]LogConfig: Setting CVar [[r.SSS.SampleSet:2]]
[2019.06.28-01.38.19:378][  0]LogConfig: Setting CVar [[r.SSS.Quality:1]]
[2019.06.28-01.38.19:378][  0]LogConfig: Setting CVar [[r.SSS.HalfRes:1]]
[2019.06.28-01.38.19:378][  0]LogConfig: Setting CVar [[r.EmitterSpawnRateScale:1.0]]
[2019.06.28-01.38.19:378][  0]LogConfig: Setting CVar [[r.ParticleLightQuality:2]]
[2019.06.28-01.38.19:378][  0]LogConfig: Applying CVar settings from Section [FoliageQuality@3] File [C:/Users/14796/Documents/GitHub/ProjectNorthStar/ProjectNorthStar/Saved/Config/Windows/Scalability.ini]
[2019.06.28-01.38.19:378][  0]LogConfig: Setting CVar [[foliage.DensityScale:1.0]]
[2019.06.28-01.38.19:378][  0]LogConfig: Setting CVar [[grass.DensityScale:1.0]]
[2019.06.28-01.38.19:378][  0]LogConfig: Applying CVar settings from Section [Startup] File [../../../Engine/Config/ConsoleVariables.ini]
[2019.06.28-01.38.19:379][  0]LogConfig: Setting CVar [[net.UseAdaptiveNetUpdateFrequency:0]]
[2019.06.28-01.38.19:379][  0]LogConfig: Setting CVar [[p.chaos.AllowCreatePhysxBodies:1]]
[2019.06.28-01.38.19:379][  0]LogConfig: Applying CVar settings from Section [ConsoleVariables] File [C:/Users/14796/Documents/GitHub/ProjectNorthStar/ProjectNorthStar/Saved/Config/Windows/Engine.ini]
[2019.06.28-01.38.19:379][  0]LogInit: Computer: DESKTOP-729A19H
[2019.06.28-01.38.19:379][  0]LogInit: User: 14796
[2019.06.28-01.38.19:379][  0]LogInit: CPU Page size=4096, Cores=6
[2019.06.28-01.38.19:379][  0]LogInit: High frequency timer resolution =10.000000 MHz
[2019.06.28-01.38.19:379][  0]LogMemory: Memory total: Physical=16.0GB (16GB approx)
[2019.06.28-01.38.19:379][  0]LogMemory: Platform Memory Stats for Windows
[2019.06.28-01.38.19:379][  0]LogMemory: Process Physical Memory: 103.09 MB used, 103.10 MB peak
[2019.06.28-01.38.19:379][  0]LogMemory: Process Virtual Memory: 90.63 MB used, 90.63 MB peak
[2019.06.28-01.38.19:379][  0]LogMemory: Physical Memory: 6782.63 MB used,  9556.59 MB free, 16339.22 MB total
[2019.06.28-01.38.19:379][  0]LogMemory: Virtual Memory: 4673.32 MB used,  134213056.00 MB free, 134217728.00 MB total
[2019.06.28-01.38.19:391][  0]LogInit: Using OS detected language (en-US).
[2019.06.28-01.38.19:391][  0]LogInit: Using OS detected locale (en-US).
[2019.06.28-01.38.19:392][  0]LogTextLocalizationManager: No specific localization for 'en-US' exists, so the 'en' localization will be used.
[2019.06.28-01.38.19:545][  0]LogInit: Setting process to per monitor DPI aware
[2019.06.28-01.38.19:566][  0]LogSlate: New Slate User Created.  User Index 0, Is Virtual User: 0
[2019.06.28-01.38.19:566][  0]LogSlate: Slate User Registered.  User Index 0, Is Virtual User: 0
[2019.06.28-01.38.19:676][  0]LogD3D11RHI: D3D11 adapters:
[2019.06.28-01.38.19:731][  0]LogD3D11RHI:    0. 'NVIDIA GeForce GTX 1070 Ti' (Feature Level 11_0)
[2019.06.28-01.38.19:731][  0]LogD3D11RHI:       8080/0/8169 MB DedicatedVideo/DedicatedSystem/SharedSystem, Outputs:2, VendorId:0x10de
[2019.06.28-01.38.19:735][  0]LogD3D11RHI:    1. 'Microsoft Basic Render Driver' (Feature Level 11_0)
[2019.06.28-01.38.19:735][  0]LogD3D11RHI:       0/0/8169 MB DedicatedVideo/DedicatedSystem/SharedSystem, Outputs:0, VendorId:0x1414
[2019.06.28-01.38.19:735][  0]LogD3D11RHI: Chosen D3D11 Adapter: 0
[2019.06.28-01.38.19:743][  0]LogD3D11RHI: Creating new Direct3DDevice
[2019.06.28-01.38.19:743][  0]LogD3D11RHI:     GPU DeviceId: 0x1b82 (for the marketing name, search the web for "GPU Device Id")
[2019.06.28-01.38.19:743][  0]LogWindows: EnumDisplayDevices:
[2019.06.28-01.38.19:743][  0]LogWindows:    0. 'NVIDIA GeForce GTX 1070 Ti' (P:1 D:1)
[2019.06.28-01.38.19:743][  0]LogWindows:    1. 'NVIDIA GeForce GTX 1070 Ti' (P:0 D:1)
[2019.06.28-01.38.19:743][  0]LogWindows:    2. 'NVIDIA GeForce GTX 1070 Ti' (P:0 D:0)
[2019.06.28-01.38.19:744][  0]LogWindows:    3. 'NVIDIA GeForce GTX 1070 Ti' (P:0 D:0)
[2019.06.28-01.38.19:744][  0]LogWindows: DebugString: FoundDriverCount:4 
[2019.06.28-01.38.19:744][  0]LogD3D11RHI:     Adapter Name: NVIDIA GeForce GTX 1070 Ti
[2019.06.28-01.38.19:744][  0]LogD3D11RHI:   Driver Version: 430.86 (internal:26.21.14.3086, unified:430.86)
[2019.06.28-01.38.19:744][  0]LogD3D11RHI:      Driver Date: 5-22-2019
[2019.06.28-01.38.19:744][  0]LogRHI: Texture pool is 5656 MB (70% of 8080 MB)
[2019.06.28-01.38.19:781][  0]LogD3D11RHI: Async texture creation enabled
[2019.06.28-01.38.19:788][  0]LogRendererCore: FGlobalReadBuffer::InitRHI
[2019.06.28-01.38.19:788][  0]LogRendererCore: FGlobalReadBuffer::InitRHI
[2019.06.28-01.38.19:788][  0]LogRendererCore: FGlobalReadBuffer::InitRHI
[2019.06.28-01.38.19:795][  0]LogD3D11RHI: GPU Timing Frequency: 1000.000000 (Debug: 2 1)
[2019.06.28-01.38.20:069][  0]LogTemp: Display: Module 'AllDesktopTargetPlatform' loaded TargetPlatform 'AllDesktop'
[2019.06.28-01.38.20:078][  0]LogTemp: Display: Module 'MacClientTargetPlatform' loaded TargetPlatform 'MacClient'
[2019.06.28-01.38.20:089][  0]LogTemp: Display: Module 'MacNoEditorTargetPlatform' loaded TargetPlatform 'MacNoEditor'
[2019.06.28-01.38.20:099][  0]LogTemp: Display: Module 'MacServerTargetPlatform' loaded TargetPlatform 'MacServer'
[2019.06.28-01.38.20:109][  0]LogTemp: Display: Module 'MacTargetPlatform' loaded TargetPlatform 'Mac'
[2019.06.28-01.38.20:119][  0]LogTemp: Display: Module 'WindowsClientTargetPlatform' loaded TargetPlatform 'WindowsClient'
[2019.06.28-01.38.20:129][  0]LogTemp: Display: Module 'WindowsNoEditorTargetPlatform' loaded TargetPlatform 'WindowsNoEditor'
[2019.06.28-01.38.20:140][  0]LogTemp: Display: Module 'WindowsServerTargetPlatform' loaded TargetPlatform 'WindowsServer'
[2019.06.28-01.38.20:145][  0]LogTemp: Display: Module 'WindowsTargetPlatform' loaded TargetPlatform 'Windows'
[2019.06.28-01.38.20:208][  0]LogTemp: Display: Module 'AndroidTargetPlatform' loaded TargetPlatform 'Android'
[2019.06.28-01.38.20:208][  0]LogTemp: Display: Module 'AndroidTargetPlatform' loaded TargetPlatform 'Android_ASTC'
[2019.06.28-01.38.20:208][  0]LogTemp: Display: Module 'AndroidTargetPlatform' loaded TargetPlatform 'Android_ATC'
[2019.06.28-01.38.20:208][  0]LogTemp: Display: Module 'AndroidTargetPlatform' loaded TargetPlatform 'Android_DXT'
[2019.06.28-01.38.20:208][  0]LogTemp: Display: Module 'AndroidTargetPlatform' loaded TargetPlatform 'Android_ETC1'
[2019.06.28-01.38.20:208][  0]LogTemp: Display: Module 'AndroidTargetPlatform' loaded TargetPlatform 'Android_ETC1a'
[2019.06.28-01.38.20:208][  0]LogTemp: Display: Module 'AndroidTargetPlatform' loaded TargetPlatform 'Android_ETC2'
[2019.06.28-01.38.20:208][  0]LogTemp: Display: Module 'AndroidTargetPlatform' loaded TargetPlatform 'Android_PVRTC'
[2019.06.28-01.38.20:208][  0]LogTemp: Display: Module 'AndroidTargetPlatform' loaded TargetPlatform 'AndroidClient'
[2019.06.28-01.38.20:208][  0]LogTemp: Display: Module 'AndroidTargetPlatform' loaded TargetPlatform 'Android_ASTCClient'
[2019.06.28-01.38.20:208][  0]LogTemp: Display: Module 'AndroidTargetPlatform' loaded TargetPlatform 'Android_ATCClient'
[2019.06.28-01.38.20:208][  0]LogTemp: Display: Module 'AndroidTargetPlatform' loaded TargetPlatform 'Android_DXTClient'
[2019.06.28-01.38.20:208][  0]LogTemp: Display: Module 'AndroidTargetPlatform' loaded TargetPlatform 'Android_ETC1Client'
[2019.06.28-01.38.20:208][  0]LogTemp: Display: Module 'AndroidTargetPlatform' loaded TargetPlatform 'Android_ETC1aClient'
[2019.06.28-01.38.20:208][  0]LogTemp: Display: Module 'AndroidTargetPlatform' loaded TargetPlatform 'Android_ETC2Client'
[2019.06.28-01.38.20:208][  0]LogTemp: Display: Module 'AndroidTargetPlatform' loaded TargetPlatform 'Android_PVRTCClient'
[2019.06.28-01.38.20:208][  0]LogTemp: Display: Module 'AndroidTargetPlatform' loaded TargetPlatform 'Android_Multi'
[2019.06.28-01.38.20:208][  0]LogTemp: Display: Module 'AndroidTargetPlatform' loaded TargetPlatform 'Android_MultiClient'
[2019.06.28-01.38.20:209][  0]LogTemp: Display: Module 'HTML5TargetPlatform' loaded TargetPlatform 'HTML5'
[2019.06.28-01.38.20:252][  0]LogTemp: Display: Module 'IOSTargetPlatform' loaded TargetPlatform 'IOSClient'
[2019.06.28-01.38.20:252][  0]LogTemp: Display: Module 'IOSTargetPlatform' loaded TargetPlatform 'IOS'
[2019.06.28-01.38.20:271][  0]LogTemp: Display: Module 'TVOSTargetPlatform' loaded TargetPlatform 'TVOSClient'
[2019.06.28-01.38.20:271][  0]LogTemp: Display: Module 'TVOSTargetPlatform' loaded TargetPlatform 'TVOS'
[2019.06.28-01.38.20:280][  0]LogTemp: Display: Module 'LinuxClientTargetPlatform' loaded TargetPlatform 'LinuxClient'
[2019.06.28-01.38.20:289][  0]LogTemp: Display: Module 'LinuxNoEditorTargetPlatform' loaded TargetPlatform 'LinuxNoEditor'
[2019.06.28-01.38.20:299][  0]LogTemp: Display: Module 'LinuxServerTargetPlatform' loaded TargetPlatform 'LinuxServer'
[2019.06.28-01.38.20:309][  0]LogTemp: Display: Module 'LinuxTargetPlatform' loaded TargetPlatform 'Linux'
[2019.06.28-01.38.20:344][  0]LogTemp: Display: Module 'LuminTargetPlatform' loaded TargetPlatform 'Lumin'
[2019.06.28-01.38.20:344][  0]LogTemp: Display: Module 'LuminTargetPlatform' loaded TargetPlatform 'LuminClient'
[2019.06.28-01.38.20:344][  0]LogTargetPlatformManager: Display: Building Assets For Windows
[2019.06.28-01.38.20:350][  0]LogAudioDebug: Display: Lib vorbis DLL was dynamically loaded.
[2019.06.28-01.38.20:375][  0]LogShaderCompilers: Guid format shader working directory is -20 characters bigger than the processId version (C:/Users/14796/Documents/GitHub/ProjectNorthStar/ProjectNorthStar/Intermediate/Shaders/WorkingDirectory/12500/).
[2019.06.28-01.38.20:375][  0]LogShaderCompilers: Cleaned the shader compiler working directory 'C:/Users/14796/AppData/Local/Temp/UnrealShaderWorkingDir/A71FF5B247064AE42C6241993F78052D/'.
[2019.06.28-01.38.20:376][  0]LogXGEController: Cannot use XGE Controller as Incredibuild is not installed on this machine.
[2019.06.28-01.38.20:376][  0]LogShaderCompilers: Cannot use XGE Shader Compiler as Incredibuild is not installed on this machine.
[2019.06.28-01.38.20:376][  0]LogShaderCompilers: Display: Using Local Shader Compiler.
[2019.06.28-01.38.20:826][  0]LogDerivedDataCache: Display: Max Cache Size: 512 MB
[2019.06.28-01.38.20:885][  0]LogDerivedDataCache: Loaded boot cache 0.06s 86MB C:/Users/14796/AppData/Local/UnrealEngine/4.22/DerivedDataCache/Boot.ddc.
[2019.06.28-01.38.20:885][  0]LogDerivedDataCache: Display: Loaded Boot cache: C:/Users/14796/AppData/Local/UnrealEngine/4.22/DerivedDataCache/Boot.ddc
[2019.06.28-01.38.20:885][  0]LogDerivedDataCache: FDerivedDataBackendGraph:  Pak pak cache file C:/Users/14796/Documents/GitHub/ProjectNorthStar/ProjectNorthStar/DerivedDataCache/DDC.ddp not found, will not use a pak cache.
[2019.06.28-01.38.20:885][  0]LogDerivedDataCache: Unable to find inner node Pak for hierarchical cache Hierarchy.
[2019.06.28-01.38.20:885][  0]LogDerivedDataCache: FDerivedDataBackendGraph:  CompressedPak pak cache file C:/Users/14796/Documents/GitHub/ProjectNorthStar/ProjectNorthStar/DerivedDataCache/Compressed.ddp not found, will not use a pak cache.
[2019.06.28-01.38.20:885][  0]LogDerivedDataCache: Unable to find inner node CompressedPak for hierarchical cache Hierarchy.
[2019.06.28-01.38.20:895][  0]LogDerivedDataCache: Display: Pak cache opened for reading ../../../Engine/DerivedDataCache/Compressed.ddp.
[2019.06.28-01.38.20:895][  0]LogDerivedDataCache: FDerivedDataBackendGraph:  EnterprisePak pak cache file ../../../Enterprise/DerivedDataCache/Compressed.ddp not found, will not use a pak cache.
[2019.06.28-01.38.20:895][  0]LogDerivedDataCache: Unable to find inner node EnterprisePak for hierarchical cache Hierarchy.
[2019.06.28-01.38.20:907][  0]LogDerivedDataCache: Using Local data cache path C:/Users/14796/AppData/Local/UnrealEngine/Common/DerivedDataCache: Writable
[2019.06.28-01.38.20:907][  0]LogDerivedDataCache: Shared data cache path not found in *engine.ini, will not use an Shared cache.
[2019.06.28-01.38.20:907][  0]LogDerivedDataCache: Unable to find inner node Shared for hierarchical cache Hierarchy.
[2019.06.28-01.38.20:925][  0]LogMaterial: Verifying Global Shaders for PCD3D_SM5
[2019.06.28-01.38.20:926][  0]LogSlate: Using FreeType 2.6.0
[2019.06.28-01.38.20:926][  0]LogSlate: SlateFontServices - WITH_FREETYPE: 1, WITH_HARFBUZZ: 1
[2019.06.28-01.38.20:995][  0]LogAssetRegistry: FAssetRegistry took 0.0312 seconds to start up
[2019.06.28-01.38.21:257][  0]LogInit: Selected Device Profile: [Windows]
[2019.06.28-01.38.21:365][  0]LogMeshReduction: Using QuadricMeshReduction for automatic static mesh reduction
[2019.06.28-01.38.21:365][  0]LogMeshReduction: Using SimplygonMeshReduction for automatic skeletal mesh reduction
[2019.06.28-01.38.21:365][  0]LogMeshReduction: Using ProxyLODMeshReduction for automatic mesh merging
[2019.06.28-01.38.21:365][  0]LogMeshReduction: No distributed automatic mesh merging module available
[2019.06.28-01.38.21:365][  0]LogMeshMerging: No distributed automatic mesh merging module available
[2019.06.28-01.38.21:373][  0]LogNetVersion: ProjectNorthStar 1.0.0, NetCL: 5660361, EngineNetVer: 10, GameNetVer: 0 (Checksum: 3930217925)
[2019.06.28-01.38.21:726][  0]LogPackageLocalizationCache: Processed 10 localized package path(s) for 1 prioritized culture(s) in 0.045657 seconds
[2019.06.28-01.38.21:733][  0]LogUObjectArray: 42205 objects as part of root set at end of initial load.
[2019.06.28-01.38.21:733][  0]LogUObjectAllocator: 7325032 out of 0 bytes used by permanent object pool.
[2019.06.28-01.38.21:733][  0]LogUObjectArray: CloseDisregardForGC: 0/0 objects in disregard for GC pool
[2019.06.28-01.38.22:350][  0]LogTcpMessaging: Initializing TcpMessaging bridge
[2019.06.28-01.38.22:364][  0]LogUdpMessaging: Initializing bridge on interface 0.0.0.0:0 to multicast group 230.0.0.1:6666.
[2019.06.28-01.38.22:466][  0]SourceControl: Source control is disabled
[2019.06.28-01.38.23:056][  0]LogAndroidPermission: UAndroidPermissionCallbackProxy::GetInstance
[2019.06.28-01.38.23:150][  0]LogOcInput: OculusInput pre-init called
[2019.06.28-01.38.23:665][  0]LogEngine: Initializing Engine...
[2019.06.28-01.38.23:665][  0]LogHMD: Oculus plugin initialized. Version: 4.22.2-6574378+++UE4+Release-4.22, OVRPlugin: 1.32.0
[2019.06.28-01.38.23:666][  0]LogStats: UGameplayTagsManager::InitializeManager -  0.000 s
[2019.06.28-01.38.23:838][  0]LogInit: Initializing FReadOnlyCVARCache
[2019.06.28-01.38.23:846][  0]LogAIModule: Creating AISystem for world Untitled
[2019.06.28-01.38.23:914][  0]LogInit: XAudio2 using 'Speakers (Realtek High Definition Audio)' : 2 channels at 48 kHz using 32 bits per sample (channel mask 0x3)
[2019.06.28-01.38.23:956][  0]LogInit: FAudioDevice initialized.
[2019.06.28-01.38.23:957][  0]LogNetVersion: Set ProjectVersion to 1.0.0.0. Version Checksum will be recalculated on next use.
[2019.06.28-01.38.24:039][  0]LogDerivedDataCache: Saved boot cache 0.08s 86MB C:/Users/14796/AppData/Local/UnrealEngine/4.22/DerivedDataCache/Boot.ddc.
[2019.06.28-01.38.24:055][  0]LogInit: Texture streaming: Enabled
[2019.06.28-01.38.24:065][  0]LogEngineSessionManager: EngineSessionManager initialized
[2019.06.28-01.38.24:097][  0]LogInit: Transaction tracking system initialized
[2019.06.28-01.38.24:110][  0]BlueprintLog: New page: Editor Load
[2019.06.28-01.38.24:152][  0]LocalizationService: Localization service is disabled
[2019.06.28-01.38.24:518][  0]LogCook: Display: Max memory allowance for cook 16384mb min free memory 0mb
[2019.06.28-01.38.24:518][  0]LogCook: Display: Mobile HDR setting 1
[2019.06.28-01.38.24:677][  0]LogFileCache: Scanning file cache for directory 'C:/Users/14796/Documents/GitHub/ProjectNorthStar/ProjectNorthStar/Content/' took 0.02s
[2019.06.28-01.38.24:677][  0]Cmd: MAP LOAD FILE="C:/Users/14796/Documents/GitHub/ProjectNorthStar/ProjectNorthStar/Content/VirtualRealityBP/Maps/StartupMap.umap" TEMPLATE=0 SHOWPROGRESS=1 FEATURELEVEL=3
[2019.06.28-01.38.24:683][  0]LightingResults: New page: Lighting Build
[2019.06.28-01.38.24:684][  0]MapCheck: New page: Map Check
[2019.06.28-01.38.24:684][  0]LightingResults: New page: Lighting Build
[2019.06.28-01.38.24:707][  0]LogUObjectHash: Compacting FUObjectHashTables data took   1.50ms
[2019.06.28-01.38.25:077][  0]LogAIModule: Creating AISystem for world StartupMap
[2019.06.28-01.38.25:116][  0]LogEditorServer: Finished looking for orphan Actors (0.000 secs)
[2019.06.28-01.38.25:138][  0]LogUObjectHash: Compacting FUObjectHashTables data took   1.00ms
[2019.06.28-01.38.25:139][  0]Cmd: MAP CHECKDEP NOCLEARLOG
[2019.06.28-01.38.25:139][  0]MapCheck: Map check complete: 0 Error(s), 0 Warning(s), took 0.11ms to complete.
[2019.06.28-01.38.25:139][  0]LogFileHelpers: Loading map 'StartupMap' took 0.463
[2019.06.28-01.38.25:444][  0]LogSlate: Updating window title bar state: overlay mode, drag disabled, window buttons hidden, title bar hidden
[2019.06.28-01.38.25:451][  0]LogSlate: Updating window title bar state: overlay mode, drag disabled, window buttons hidden, title bar hidden
[2019.06.28-01.38.25:457][  0]LogSlate: Updating window title bar state: overlay mode, drag disabled, window buttons hidden, title bar hidden
[2019.06.28-01.38.25:463][  0]LogSlate: Updating window title bar state: overlay mode, drag disabled, window buttons hidden, title bar hidden
[2019.06.28-01.38.25:470][  0]LogSlate: Updating window title bar state: overlay mode, drag disabled, window buttons hidden, title bar hidden
[2019.06.28-01.38.25:476][  0]LogSlate: Updating window title bar state: overlay mode, drag disabled, window buttons hidden, title bar hidden
[2019.06.28-01.38.25:482][  0]LogSlate: Updating window title bar state: overlay mode, drag disabled, window buttons hidden, title bar hidden
[2019.06.28-01.38.25:488][  0]LogSlate: Updating window title bar state: overlay mode, drag disabled, window buttons hidden, title bar hidden
[2019.06.28-01.38.25:514][  0]LogCollectionManager: Loaded 0 collections in 0.000733 seconds
[2019.06.28-01.38.25:580][  0]LogFileCache: Scanning file cache for directory 'C:/Users/14796/Documents/GitHub/ProjectNorthStar/ProjectNorthStar/Saved/Collections/' took 0.01s
[2019.06.28-01.38.25:580][  0]LogFileCache: Scanning file cache for directory 'C:/Users/14796/Documents/GitHub/ProjectNorthStar/ProjectNorthStar/Content/Developers/14796/Collections/' took 0.01s
[2019.06.28-01.38.25:580][  0]LogFileCache: Scanning file cache for directory 'C:/Users/14796/Documents/GitHub/ProjectNorthStar/ProjectNorthStar/Content/Collections/' took 0.00s
[2019.06.28-01.38.25:580][  0]LogCollectionManager: Rebuilt the GUID cache for 0 collections in 0.000001 seconds
[2019.06.28-01.38.25:588][  0]LogContentBrowser: Native class hierarchy populated in 0.0070 seconds. Added 2732 classes and 659 folders.
[2019.06.28-01.38.25:647][  0]LogContentBrowser: Native class hierarchy updated for 'WidgetCarousel' in 0.0003 seconds. Added 0 classes and 0 folders.
[2019.06.28-01.38.25:680][  0]LogPakFile: Registered encryption key '00000000000000000000000000000000': 0 pak files mounted, 0 remain pending
[2019.06.28-01.38.25:710][  0]LogPakFile: Registered encryption key '00000000000000000000000000000000': 0 pak files mounted, 0 remain pending
[2019.06.28-01.38.25:725][  0]LogPakFile: Registered encryption key '00000000000000000000000000000000': 0 pak files mounted, 0 remain pending
[2019.06.28-01.38.25:729][  0]LogPakFile: Registered encryption key '00000000000000000000000000000000': 0 pak files mounted, 0 remain pending
[2019.06.28-01.38.25:734][  0]LogPakFile: Registered encryption key '00000000000000000000000000000000': 0 pak files mounted, 0 remain pending
[2019.06.28-01.38.25:738][  0]LogPakFile: Registered encryption key '00000000000000000000000000000000': 0 pak files mounted, 0 remain pending
[2019.06.28-01.38.25:742][  0]LogPakFile: Registered encryption key '00000000000000000000000000000000': 0 pak files mounted, 0 remain pending
[2019.06.28-01.38.25:746][  0]LogPakFile: Registered encryption key '00000000000000000000000000000000': 0 pak files mounted, 0 remain pending
[2019.06.28-01.38.25:751][  0]LogPakFile: Registered encryption key '00000000000000000000000000000000': 0 pak files mounted, 0 remain pending
[2019.06.28-01.38.25:756][  0]LogPakFile: Registered encryption key '00000000000000000000000000000000': 0 pak files mounted, 0 remain pending
[2019.06.28-01.38.25:763][  0]LogPakFile: Registered encryption key '00000000000000000000000000000000': 0 pak files mounted, 0 remain pending
[2019.06.28-01.38.25:768][  0]LogPakFile: Registered encryption key '00000000000000000000000000000000': 0 pak files mounted, 0 remain pending
[2019.06.28-01.38.25:772][  0]LogPakFile: Registered encryption key '00000000000000000000000000000000': 0 pak files mounted, 0 remain pending
[2019.06.28-01.38.25:785][  0]LogPakFile: Registered encryption key '00000000000000000000000000000000': 0 pak files mounted, 0 remain pending
[2019.06.28-01.38.25:790][  0]LogPakFile: Registered encryption key '00000000000000000000000000000000': 0 pak files mounted, 0 remain pending
[2019.06.28-01.38.25:794][  0]LogPakFile: Registered encryption key '00000000000000000000000000000000': 0 pak files mounted, 0 remain pending
[2019.06.28-01.38.25:816][  0]LogPakFile: Registered encryption key '00000000000000000000000000000000': 0 pak files mounted, 0 remain pending
[2019.06.28-01.38.25:821][  0]LogPakFile: Registered encryption key '00000000000000000000000000000000': 0 pak files mounted, 0 remain pending
[2019.06.28-01.38.25:825][  0]LogPakFile: Registered encryption key '00000000000000000000000000000000': 0 pak files mounted, 0 remain pending
[2019.06.28-01.38.25:829][  0]LogPakFile: Registered encryption key '00000000000000000000000000000000': 0 pak files mounted, 0 remain pending
[2019.06.28-01.38.25:834][  0]LogPakFile: Registered encryption key '00000000000000000000000000000000': 0 pak files mounted, 0 remain pending
[2019.06.28-01.38.25:838][  0]LogPakFile: Registered encryption key '00000000000000000000000000000000': 0 pak files mounted, 0 remain pending
[2019.06.28-01.38.25:842][  0]LogPakFile: Registered encryption key '00000000000000000000000000000000': 0 pak files mounted, 0 remain pending
[2019.06.28-01.38.25:847][  0]LogPakFile: Registered encryption key '00000000000000000000000000000000': 0 pak files mounted, 0 remain pending
[2019.06.28-01.38.25:851][  0]LogPakFile: Registered encryption key '00000000000000000000000000000000': 0 pak files mounted, 0 remain pending
[2019.06.28-01.38.25:856][  0]LogPakFile: Registered encryption key '00000000000000000000000000000000': 0 pak files mounted, 0 remain pending
[2019.06.28-01.38.26:414][  0]LogContentBrowser: Native class hierarchy updated for 'AddContentDialog' in 0.0002 seconds. Added 0 classes and 0 folders.
[2019.06.28-01.38.26:462][  0]LogContentBrowser: Native class hierarchy updated for 'SceneOutliner' in 0.0003 seconds. Added 1 classes and 2 folders.
[2019.06.28-01.38.26:654][  0]LogSlate: Took 0.000098 seconds to synchronously load lazily loaded font '../../../Engine/Content/Slate/Fonts/Roboto-Regular.ttf' (155K)
[2019.06.28-01.38.26:656][  0]LogSlate: Took 0.000101 seconds to synchronously load lazily loaded font '../../../Engine/Content/Slate/Fonts/Roboto-Bold.ttf' (160K)
[2019.06.28-01.38.26:690][  0]LogSlate: Took 0.016905 seconds to synchronously load lazily loaded font '../../../Engine/Content/Editor/Slate/Fonts/FontAwesome.ttf' (139K)
[2019.06.28-01.38.26:969][  0]LogRenderer: Reallocating scene render targets to support 1112x632 Format 26 NumSamples 1 (Frame:1).
[2019.06.28-01.38.27:080][  0]LogContentBrowser: Native class hierarchy updated for 'HierarchicalLODOutliner' in 0.0003 seconds. Added 0 classes and 0 folders.
[2019.06.28-01.38.27:080][  0]LogLoad: (Engine Initialization) Total time: 8.99 seconds
[2019.06.28-01.38.27:080][  0]LogLoad: (Engine Initialization) Total Blueprint compile time: 0.00 seconds
[2019.06.28-01.38.27:096][  0]LogOcInput: OculusInput is initialized
[2019.06.28-01.38.27:124][  0]LogAssetRegistry: Asset discovery search completed in 6.1512 seconds
[2019.06.28-01.38.27:126][  0]LogCollectionManager: Rebuilt the object cache for 0 collections in 0.000000 seconds (found 0 objects)
[2019.06.28-01.38.27:126][  0]LogCollectionManager: Fixed up redirectors for 0 collections in 0.000079 seconds (updated 0 objects)
[2019.06.28-01.38.27:128][  0]LogContentStreaming: Texture pool size now 1000 MB
[2019.06.28-01.38.27:196][  0]LogSlate: Took 0.017212 seconds to synchronously load lazily loaded font '../../../Engine/Content/Slate/Fonts/Roboto-Light.ttf' (167K)
[2019.06.28-01.38.36:232][ 81]LogSlate: FSceneViewport::OnFocusLost() reason 0
[2019.06.28-01.38.48:107][292]LogSlate: FSceneViewport::OnFocusLost() reason 0
[2019.06.28-01.38.55:104][126]LogSlate: Took 0.000109 seconds to synchronously load lazily loaded font '../../../Engine/Content/Slate/Fonts/Roboto-Light.ttf' (167K)
[2019.06.28-01.38.56:036][126]LogAIModule: Creating AISystem for world DeveloperIsland
[2019.06.28-01.38.56:046][126]LogAssetEditorManager: Opening Asset editor for World /Game/VirtualRealityBP/Maps/DeveloperIsland.DeveloperIsland
[2019.06.28-01.38.56:085][126]LogUObjectHash: Compacting FUObjectHashTables data took   1.69ms
[2019.06.28-01.38.56:086][126]Cmd: MAP LOAD FILE="C:/Users/14796/Documents/GitHub/ProjectNorthStar/ProjectNorthStar/Content/VirtualRealityBP/Maps/DeveloperIsland.umap" TEMPLATE=0 SHOWPROGRESS=1 FEATURELEVEL=3
[2019.06.28-01.38.56:086][126]LightingResults: New page: Lighting Build
[2019.06.28-01.38.56:086][126]LoadErrors: New page: Loading map: DeveloperIsland.umap
[2019.06.28-01.38.56:087][126]MapCheck: New page: Map Check
[2019.06.28-01.38.56:087][126]LightingResults: New page: Lighting Build
[2019.06.28-01.38.56:110][126]LogUObjectHash: Compacting FUObjectHashTables data took   1.30ms
[2019.06.28-01.38.56:125][126]LogEditorServer: Finished looking for orphan Actors (0.000 secs)
[2019.06.28-01.38.56:162][126]LogUObjectHash: Compacting FUObjectHashTables data took   1.18ms
[2019.06.28-01.38.56:177][126]Cmd: MAP CHECKDEP NOCLEARLOG
[2019.06.28-01.38.56:177][126]MapCheck: Map check complete: 0 Error(s), 0 Warning(s), took 0.088ms to complete.
[2019.06.28-01.38.56:177][126]LogFileHelpers: Loading map 'DeveloperIsland' took 0.092
[2019.06.28-01.38.58:705][424]Cmd: SELECT NONE
[2019.06.28-01.39.40:483][432]Cmd: SELECT NONE
[2019.06.28-01.39.40:650][452]Cmd: SELECT NONE
[2019.06.28-01.39.40:775][467]Cmd: SELECT NONE
[2019.06.28-01.39.44:169][873]LogSlate: FSceneViewport::OnFocusLost() reason 0
[2019.06.28-01.39.49:029][400]Cmd: SELECT NONE
[2019.06.28-01.39.49:197][420]Cmd: SELECT NONE
[2019.06.28-01.39.49:357][439]Cmd: SELECT NONE
[2019.06.28-01.39.49:499][456]Cmd: SELECT NONE
[2019.06.28-01.39.49:641][473]Cmd: SELECT NONE
[2019.06.28-01.39.49:792][491]Cmd: SELECT NONE
[2019.06.28-01.39.52:964][869]LogSlate: FSceneViewport::OnFocusLost() reason 2
[2019.06.28-01.39.56:766][269]LogSlate: FSceneViewport::OnFocusLost() reason 0
[2019.06.28-01.39.57:536][361]Cmd: DELETE
[2019.06.28-01.39.57:536][361]Cmd: ACTOR DELETE
[2019.06.28-01.39.57:568][361]LogEditorActor: Deleted Actor: RecastNavMesh
[2019.06.28-01.39.57:589][361]LogUObjectHash: Compacting FUObjectHashTables data took   0.83ms
[2019.06.28-01.39.57:589][361]LogEditorActor: Deleted 1 Actors (0.044 secs)
[2019.06.28-01.40.00:683][730]MapCheck: New page: Map Check
[2019.06.28-01.40.00:693][730]Cmd: MAP REBUILD ALLVISIBLE
[2019.06.28-01.40.00:693][730]LogEditorServer: Rebuildmap Clear paths rebuilt
[2019.06.28-01.40.00:796][730]LogUObjectHash: Compacting FUObjectHashTables data took   1.03ms
[2019.06.28-01.40.00:837][730]LogMaterial: Display: Missing cached shader map for material DebugViewMode MaterialTexCoordScale, compiling. 
[2019.06.28-01.40.00:861][730]LogMaterial: Display: Missing cached shader map for material DebugViewMode MaterialTexCoordScale, compiling. 
[2019.06.28-01.40.00:867][730]LogMaterial: Display: Missing cached shader map for material DebugViewMode MaterialTexCoordScale, compiling. 
[2019.06.28-01.40.00:872][730]LogMaterial: Display: Missing cached shader map for material DebugViewMode MaterialTexCoordScale, compiling. 
[2019.06.28-01.40.00:878][730]LogMaterial: Display: Missing cached shader map for material DebugViewMode MaterialTexCoordScale, compiling. 
[2019.06.28-01.40.00:885][730]LogMaterial: Display: Missing cached shader map for material DebugViewMode MaterialTexCoordScale, compiling. 
[2019.06.28-01.40.00:890][730]LogMaterial: Display: Missing cached shader map for material DebugViewMode MaterialTexCoordScale, compiling. 
[2019.06.28-01.40.00:896][730]LogMaterial: Display: Missing cached shader map for material DebugViewMode MaterialTexCoordScale, compiling. 
[2019.06.28-01.40.00:902][730]LogMaterial: Display: Missing cached shader map for material DebugViewMode MaterialTexCoordScale, compiling. 
[2019.06.28-01.40.00:907][730]LogMaterial: Display: Missing cached shader map for material DebugViewMode MaterialTexCoordScale, compiling. 
[2019.06.28-01.40.00:913][730]LogMaterial: Display: Missing cached shader map for material DebugViewMode MaterialTexCoordScale, compiling. 
[2019.06.28-01.40.00:920][730]LogMaterial: Display: Missing cached shader map for material DebugViewMode MaterialTexCoordScale, compiling. 
[2019.06.28-01.40.00:925][730]LogMaterial: Display: Missing cached shader map for material DebugViewMode MaterialTexCoordScale, compiling. 
[2019.06.28-01.40.00:931][730]LogMaterial: Display: Missing cached shader map for material DebugViewMode MaterialTexCoordScale, compiling. 
[2019.06.28-01.40.00:937][730]LogMaterial: Display: Missing cached shader map for material DebugViewMode MaterialTexCoordScale, compiling. 
[2019.06.28-01.40.00:944][730]LogMaterial: Display: Missing cached shader map for material DebugViewMode MaterialTexCoordScale, compiling. 
[2019.06.28-01.40.00:950][730]LogMaterial: Display: Missing cached shader map for material DebugViewMode MaterialTexCoordScale, compiling. 
[2019.06.28-01.40.00:956][730]LogMaterial: Display: Missing cached shader map for material DebugViewMode MaterialTexCoordScale, compiling. 
[2019.06.28-01.40.00:961][730]LogMaterial: Display: Missing cached shader map for material DebugViewMode MaterialTexCoordScale, compiling. 
[2019.06.28-01.40.04:078][730]LogShaderCompilers: Display: Shaders left to compile 30
[2019.06.28-01.40.04:078][730]LogShaderCompilers: Display: Shaders left to compile 20
[2019.06.28-01.40.04:078][730]LogShaderCompilers: Display: Shaders left to compile 10
[2019.06.28-01.40.04:078][730]TextureStreamingBuild: Display: Compiling optional shaders took 3.247 seconds.
[2019.06.28-01.40.04:103][730]LogLevel: Display: Export Material TexCoord Scales took 0.025 seconds.
[2019.06.28-01.40.04:123][730]TextureStreamingBuild: Display: Build Texture Streaming took 0.021 seconds.
[2019.06.28-01.40.04:146][730]LogUObjectHash: Compacting FUObjectHashTables data took   0.48ms
[2019.06.28-01.40.04:183][730]LightingResults: New page: Lighting Build - Jun 27, 2019, 11:40:04 AM
[2019.06.28-01.40.04:285][730]LogSwarmInterface: [OpenConnection] Registering TCP channel ...
[2019.06.28-01.40.04:376][730]LogSwarmInterface: [OpenConnection] Connecting to agent ...
[2019.06.28-01.40.04:388][730]LogSwarmInterface: [TryOpenConnection] Testing the Agent
[2019.06.28-01.40.04:910][730]LogSwarmInterface: [TryOpenConnection] Opening Connection to Agent
[2019.06.28-01.40.04:910][730]LogSwarmInterface: [TryOpenConnection] Local Process ID is 12500
[2019.06.28-01.40.07:572][730]LogStaticLightingSystem: Running Lightmass w/ ImmediateImport mode ENABLED
[2019.06.28-01.40.07:572][730]LogStaticLightingSystem: Running Lightmass w/ ImmediateProcess mode ENABLED
[2019.06.28-01.40.07:572][730]LogStaticLightingSystem: Running Lightmass w/ Sorting mode ENABLED
[2019.06.28-01.40.07:572][730]LogStaticLightingSystem: Running Lightmass w/ Mapping paddings ENABLED
[2019.06.28-01.40.07:572][730]LogStaticLightingSystem: Running Lightmass w/ Mapping debug paddings DISABLED
[2019.06.28-01.40.07:713][730]Cmd: MAP CHECK DONTDISPLAYDIALOG
[2019.06.28-01.40.07:713][730]MapCheck: New page: DeveloperIsland - Jun 27, 2019, 11:40:07 AM
[2019.06.28-01.40.07:741][730]MapCheck: Map check complete: 0 Error(s), 0 Warning(s), took 27.943ms to complete.
[2019.06.28-01.40.07:765][730]LogEditorBuildUtils: Build time 0:07
[2019.06.28-01.40.07:892][733]LogUObjectHash: Compacting FUObjectHashTables data took   0.52ms
[2019.06.28-01.40.09:827][875]Job is a success!
[2019.06.28-01.40.09:876][876]LogVolumetricLightmapImport: Imported Volumetric Lightmap in 0.014s
[2019.06.28-01.40.09:877][876]LogVolumetricLightmapImport:      Indirection Texture 16x16x16 = 0.0Mb
[2019.06.28-01.40.09:877][876]LogVolumetricLightmapImport:      BrickData 535x5x5 = 0.5Mb (trimmed 0.0Mb due to 0.010000 MinBrickError)
[2019.06.28-01.40.09:877][876]LogVolumetricLightmapImport:      Bricks at Level
[2019.06.28-01.40.09:877][876]LogVolumetricLightmapImport:          0: 0.9% covering 100.0% of volume
[2019.06.28-01.40.09:877][876]LogVolumetricLightmapImport:          1: 7.5% covering 12.5% of volume
[2019.06.28-01.40.09:877][876]LogVolumetricLightmapImport:          2: 91.6% covering 2.4% of volume
[2019.06.28-01.40.10:063][876]LogTexture: Display: Building textures: SkyOcclusion1_1 (AutoDXT, 512X256)
[2019.06.28-01.40.10:063][876]LogTexture: Display: Building textures: HQ_Lightmap0_1 (AutoDXT, 512X512)
[2019.06.28-01.40.10:063][876]LogTexture: Display: Building textures: LQ_Lightmap_0_1 (DXT1, 512X512)
[2019.06.28-01.40.10:063][876]LogTexture: Display: Building textures: SkyOcclusion0_2 (AutoDXT, 64X32)
[2019.06.28-01.40.10:063][876]LogTexture: Display: Building textures: HQ_Lightmap0_2 (AutoDXT, 64X64)
[2019.06.28-01.40.10:063][876]LogTexture: Display: Building textures: LQ_Lightmap_0_2 (DXT1, 64X64)
[2019.06.28-01.40.10:063][876]LogTexture: Display: Building textures: ShadowMapTexture2D_1 (G8, 32X32)
[2019.06.28-01.40.10:063][876]LogTexture: Display: Building textures: ShadowMapTexture2D_0 (G8, 1024X128)
[2019.06.28-01.40.10:089][876]Lightmass on DESKTOP-729A19H: 1.68 sec total, 174 ms importing, 28 ms setup, 353 ms photons, 1.07 sec processing, 0 ms extra exporting [24/64 mappings]. Threads: 5.30 sec total, 1.50 sec processing.
[2019.06.28-01.40.10:092][876]LogStaticLightingSystem: DeveloperIsland_BuiltData storing lightmap data for 24 meshes in 3 LightmapResourceClusters (8.0 Meshes per cluster).
[2019.06.28-01.40.10:115][876]LogUObjectHash: Compacting FUObjectHashTables data took   1.20ms
[2019.06.28-01.40.10:123][876]LogStaticLightingSystem: Illumination: 5.95 sec (135 ms encoding lightmaps, 20 ms encoding shadowmaps)
[2019.06.28-01.40.10:123][876]LogStaticLightingSystem: Lightmap texture memory:  0.7 MB (0.7 MB streaming, 0.0 MB non-streaming), 4 textures
[2019.06.28-01.40.10:123][876]LogStaticLightingSystem: Shadowmap texture memory: 0.2 MB (0.2 MB streaming, 0.0 MB non-streaming), 2 textures
[2019.06.28-01.40.10:561][876]DumpUnbuiltLightIteractions
[2019.06.28-01.40.10:561][876]Lights with unbuilt interactions: 0
[2019.06.28-01.40.10:561][876]
[2019.06.28-01.40.10:561][876]Primitives with unbuilt interactions: 0
[2019.06.28-01.40.10:597][877]Cmd: MAP CHECK NOTIFYRESULTS
[2019.06.28-01.40.10:597][877]MapCheck: New page: DeveloperIsland - Jun 27, 2019, 11:40:10 AM
[2019.06.28-01.40.10:597][877]MapCheck: Map check complete: 0 Error(s), 0 Warning(s), took 0.529ms to complete.
[2019.06.28-01.40.29:614][156]LogSlate: FSceneViewport::OnFocusLost() reason 0
[2019.06.28-01.40.33:425][612]LogSlate: FSceneViewport::OnFocusLost() reason 0
[2019.06.28-01.40.38:853][254]LogSlate: FSceneViewport::OnFocusLost() reason 0
[2019.06.28-01.40.40:017][392]LogEditorViewport: Clicking on Actor (context menu): StaticMeshActor (tree_Leaves22)
[2019.06.28-01.40.40:233][392]LogSlate: FSceneViewport::OnFocusLost() reason 2
[2019.06.28-01.40.44:785][928]LogSlate: FSceneViewport::OnFocusLost() reason 0
[2019.06.28-01.41.05:713][419]Cmd: TRANSACTION UNDO
[2019.06.28-01.41.05:713][419]LogEditorTransaction: Undo Move Actors
[2019.06.28-01.41.16:529][709]LogSlate: FSceneViewport::OnFocusLost() reason 0
[2019.06.28-01.41.44:702][ 54]LogEditorViewport: Clicking on Actor (LMB): StaticMeshActor (tree_Trunk19)
[2019.06.28-01.41.45:698][167]Cmd: DELETE
[2019.06.28-01.41.45:698][167]Cmd: ACTOR DELETE
[2019.06.28-01.41.45:700][167]LogEditorActor: Deleted Actor: StaticMeshActor
[2019.06.28-01.41.45:721][167]LogUObjectHash: Compacting FUObjectHashTables data took   0.88ms
[2019.06.28-01.41.45:722][167]LogEditorActor: Deleted 1 Actors (0.024 secs)
[2019.06.28-01.41.48:605][511]LogSlate: FSceneViewport::OnFocusLost() reason 0
[2019.06.28-01.41.50:499][735]Cmd: DELETE
[2019.06.28-01.41.50:499][735]Cmd: ACTOR DELETE
[2019.06.28-01.41.50:501][735]LogEditorActor: Deleted Actor: RecastNavMesh
[2019.06.28-01.41.50:521][735]LogUObjectHash: Compacting FUObjectHashTables data took   0.51ms
[2019.06.28-01.41.50:521][735]LogEditorActor: Deleted 1 Actors (0.022 secs)
[2019.06.28-01.41.52:052][919]LogSlate: FSceneViewport::OnFocusLost() reason 0
[2019.06.28-01.41.52:143][930]MapCheck: New page: Map Check
[2019.06.28-01.41.52:156][930]Cmd: MAP REBUILD ALLVISIBLE
[2019.06.28-01.41.52:156][930]LogEditorServer: Rebuildmap Clear paths rebuilt
[2019.06.28-01.41.52:198][930]LogUObjectHash: Compacting FUObjectHashTables data took   1.13ms
[2019.06.28-01.41.52:221][930]LogMaterial: Display: Missing cached shader map for material DebugViewMode MaterialTexCoordScale, compiling. 
[2019.06.28-01.41.52:227][930]LogMaterial: Display: Missing cached shader map for material DebugViewMode MaterialTexCoordScale, compiling. 
[2019.06.28-01.41.52:233][930]LogMaterial: Display: Missing cached shader map for material DebugViewMode MaterialTexCoordScale, compiling. 
[2019.06.28-01.41.52:239][930]LogMaterial: Display: Missing cached shader map for material DebugViewMode MaterialTexCoordScale, compiling. 
[2019.06.28-01.41.52:245][930]LogMaterial: Display: Missing cached shader map for material DebugViewMode MaterialTexCoordScale, compiling. 
[2019.06.28-01.41.52:251][930]LogMaterial: Display: Missing cached shader map for material DebugViewMode MaterialTexCoordScale, compiling. 
[2019.06.28-01.41.52:258][930]LogMaterial: Display: Missing cached shader map for material DebugViewMode MaterialTexCoordScale, compiling. 
[2019.06.28-01.41.52:264][930]LogMaterial: Display: Missing cached shader map for material DebugViewMode MaterialTexCoordScale, compiling. 
[2019.06.28-01.41.52:271][930]LogMaterial: Display: Missing cached shader map for material DebugViewMode MaterialTexCoordScale, compiling. 
[2019.06.28-01.41.52:277][930]LogMaterial: Display: Missing cached shader map for material DebugViewMode MaterialTexCoordScale, compiling. 
[2019.06.28-01.41.52:283][930]LogMaterial: Display: Missing cached shader map for material DebugViewMode MaterialTexCoordScale, compiling. 
[2019.06.28-01.41.52:289][930]LogMaterial: Display: Missing cached shader map for material DebugViewMode MaterialTexCoordScale, compiling. 
[2019.06.28-01.41.52:295][930]LogMaterial: Display: Missing cached shader map for material DebugViewMode MaterialTexCoordScale, compiling. 
[2019.06.28-01.41.52:301][930]LogMaterial: Display: Missing cached shader map for material DebugViewMode MaterialTexCoordScale, compiling. 
[2019.06.28-01.41.52:306][930]LogMaterial: Display: Missing cached shader map for material DebugViewMode MaterialTexCoordScale, compiling. 
[2019.06.28-01.41.52:312][930]LogMaterial: Display: Missing cached shader map for material DebugViewMode MaterialTexCoordScale, compiling. 
[2019.06.28-01.41.52:318][930]LogMaterial: Display: Missing cached shader map for material DebugViewMode MaterialTexCoordScale, compiling. 
[2019.06.28-01.41.52:324][930]LogMaterial: Display: Missing cached shader map for material DebugViewMode MaterialTexCoordScale, compiling. 
[2019.06.28-01.41.52:330][930]LogMaterial: Display: Missing cached shader map for material DebugViewMode MaterialTexCoordScale, compiling. 
[2019.06.28-01.41.54:763][930]LogShaderCompilers: Display: Shaders left to compile 30
[2019.06.28-01.41.54:763][930]LogShaderCompilers: Display: Shaders left to compile 20
[2019.06.28-01.41.54:763][930]LogShaderCompilers: Display: Shaders left to compile 10
[2019.06.28-01.41.54:763][930]TextureStreamingBuild: Display: Compiling optional shaders took 2.546 seconds.
[2019.06.28-01.41.54:771][930]LogLevel: Display: Export Material TexCoord Scales took 0.007 seconds.
[2019.06.28-01.41.54:792][930]TextureStreamingBuild: Display: Build Texture Streaming took 0.021 seconds.
[2019.06.28-01.41.54:815][930]LogUObjectHash: Compacting FUObjectHashTables data took   0.49ms
[2019.06.28-01.41.54:815][930]LightingResults: New page: Lighting Build - Jun 27, 2019, 11:41:54 AM
[2019.06.28-01.41.54:820][930]LogSwarmInterface: [OpenConnection] Registering TCP channel ...
[2019.06.28-01.41.54:822][930]LogSwarmInterface: [OpenConnection] Connecting to agent ...
[2019.06.28-01.41.54:822][930]LogSwarmInterface: [TryOpenConnection] Testing the Agent
[2019.06.28-01.41.54:823][930]LogSwarmInterface: [TryOpenConnection] Opening Connection to Agent
[2019.06.28-01.41.54:823][930]LogSwarmInterface: [TryOpenConnection] Local Process ID is 12500
[2019.06.28-01.41.59:370][930]LogStaticLightingSystem: Running Lightmass w/ ImmediateImport mode ENABLED
[2019.06.28-01.41.59:370][930]LogStaticLightingSystem: Running Lightmass w/ ImmediateProcess mode ENABLED
[2019.06.28-01.41.59:370][930]LogStaticLightingSystem: Running Lightmass w/ Sorting mode ENABLED
[2019.06.28-01.41.59:370][930]LogStaticLightingSystem: Running Lightmass w/ Mapping paddings ENABLED
[2019.06.28-01.41.59:370][930]LogStaticLightingSystem: Running Lightmass w/ Mapping debug paddings DISABLED
[2019.06.28-01.41.59:450][930]Cmd: MAP CHECK DONTDISPLAYDIALOG
[2019.06.28-01.41.59:450][930]MapCheck: New page: DeveloperIsland - Jun 27, 2019, 11:41:59 AM
[2019.06.28-01.41.59:450][930]MapCheck: Map check complete: 0 Error(s), 0 Warning(s), took 0.535ms to complete.
[2019.06.28-01.41.59:473][930]LogEditorBuildUtils: Build time 0:07
[2019.06.28-01.41.59:895][933]LogUObjectHash: Compacting FUObjectHashTables data took   1.03ms
[2019.06.28-01.42.01:884][939]Job is a success!
[2019.06.28-01.42.02:254][940]LogVolumetricLightmapImport: Imported Volumetric Lightmap in 0.013s
[2019.06.28-01.42.02:254][940]LogVolumetricLightmapImport:      Indirection Texture 16x16x16 = 0.0Mb
[2019.06.28-01.42.02:254][940]LogVolumetricLightmapImport:      BrickData 540x5x5 = 0.5Mb (trimmed 0.0Mb due to 0.010000 MinBrickError)
[2019.06.28-01.42.02:254][940]LogVolumetricLightmapImport:      Bricks at Level
[2019.06.28-01.42.02:254][940]LogVolumetricLightmapImport:          0: 0.9% covering 100.0% of volume
[2019.06.28-01.42.02:254][940]LogVolumetricLightmapImport:          1: 7.4% covering 12.5% of volume
[2019.06.28-01.42.02:254][940]LogVolumetricLightmapImport:          2: 91.7% covering 2.4% of volume
[2019.06.28-01.42.02:423][940]LogTexture: Display: Building textures: HQ_Lightmap1_1 (AutoDXT, 512X512)
[2019.06.28-01.42.02:423][940]LogTexture: Display: Building textures: SkyOcclusion0_1 (AutoDXT, 512X256)
[2019.06.28-01.42.02:423][940]LogTexture: Display: Building textures: SkyOcclusion1_2 (AutoDXT, 64X32)
[2019.06.28-01.42.02:423][940]LogTexture: Display: Building textures: LQ_Lightmap_1_1 (DXT1, 512X512)
[2019.06.28-01.42.02:423][940]LogTexture: Display: Building textures: HQ_Lightmap1_2 (AutoDXT, 64X64)
[2019.06.28-01.42.02:423][940]LogTexture: Display: Building textures: LQ_Lightmap_1_2 (DXT1, 64X64)
[2019.06.28-01.42.02:423][940]LogTexture: Display: Building textures: ShadowMapTexture2D_3 (G8, 32X32)
[2019.06.28-01.42.02:423][940]LogTexture: Display: Building textures: ShadowMapTexture2D_2 (G8, 1024X128)
[2019.06.28-01.42.02:432][940]LogStaticLightingSystem: DeveloperIsland_BuiltData storing lightmap data for 24 meshes in 3 LightmapResourceClusters (8.0 Meshes per cluster).
[2019.06.28-01.42.02:453][940]Lightmass on DESKTOP-729A19H: 2.13 sec total, 105 ms importing, 19 ms setup, 340 ms photons, 1.64 sec processing, 0 ms extra exporting [24/63 mappings]. Threads: 8.15 sec total, 1.36 sec processing.
[2019.06.28-01.42.02:454][940]LogUObjectHash: Compacting FUObjectHashTables data took   1.27ms
[2019.06.28-01.42.02:457][940]LogStaticLightingSystem: Illumination: 7.30 sec (128 ms encoding lightmaps, 22 ms encoding shadowmaps)
[2019.06.28-01.42.02:457][940]LogStaticLightingSystem: Lightmap texture memory:  0.7 MB (0.7 MB streaming, 0.0 MB non-streaming), 4 textures
[2019.06.28-01.42.02:457][940]LogStaticLightingSystem: Shadowmap texture memory: 0.2 MB (0.2 MB streaming, 0.0 MB non-streaming), 2 textures
[2019.06.28-01.42.03:376][940]DumpUnbuiltLightIteractions
[2019.06.28-01.42.03:377][940]Lights with unbuilt interactions: 0
[2019.06.28-01.42.03:377][940]
[2019.06.28-01.42.03:377][940]Primitives with unbuilt interactions: 0
[2019.06.28-01.42.03:399][941]Cmd: MAP CHECK NOTIFYRESULTS
[2019.06.28-01.42.03:399][941]MapCheck: New page: DeveloperIsland - Jun 27, 2019, 11:42:03 AM
[2019.06.28-01.42.03:400][941]MapCheck: Map check complete: 0 Error(s), 0 Warning(s), took 0.726ms to complete.
[2019.06.28-01.49.05:561][235]LogUObjectHash: Compacting FUObjectHashTables data took   1.30ms
[2019.06.28-01.49.05:691][235]LogSavePackage: Moving 'C:/Users/14796/Documents/GitHub/ProjectNorthStar/ProjectNorthStar/Saved/DeveloperIsland_Auto1E74DAFB34A39F30DE7F522951F3FCDBB.tmp' to 'C:/Users/14796/Documents/GitHub/ProjectNorthStar/ProjectNorthStar/Saved/Autosaves/Game/VirtualRealityBP/Maps/DeveloperIsland_Auto1.umap'
[2019.06.28-01.49.05:699][235]LogFileHelpers: Editor autosave (incl. sublevels) for '/Game/VirtualRealityBP/Maps/DeveloperIsland' took 0.159
[2019.06.28-01.49.05:699][235]LogFileHelpers: Editor autosave (incl. sublevels) for all levels took 0.159
[2019.06.28-01.59.06:088][212]LogUObjectHash: Compacting FUObjectHashTables data took   1.39ms
[2019.06.28-01.59.06:088][212]LogFileHelpers: Editor autosave (incl. sublevels) for '/Game/VirtualRealityBP/Maps/DeveloperIsland' took 0.022
[2019.06.28-02.09.06:535][ 11]LogUObjectHash: Compacting FUObjectHashTables data took   0.62ms
[2019.06.28-02.09.06:535][ 11]LogFileHelpers: Editor autosave (incl. sublevels) for '/Game/VirtualRealityBP/Maps/DeveloperIsland' took 0.022
[2019.06.28-02.12.37:616][317]LogEditorViewport: Clicking on Actor (context menu): BP_Sky_Sphere_C (BP_Sky_Sphere)
[2019.06.28-02.12.37:648][317]LogSlate: FSceneViewport::OnFocusLost() reason 2
[2019.06.28-02.12.44:057][ 81]Cmd: SELECT NONE
[2019.06.28-02.12.44:223][101]Cmd: SELECT NONE
[2019.06.28-02.14.29:932][784]Cmd: SELECT NONE
[2019.06.28-02.14.30:116][806]Cmd: SELECT NONE
[2019.06.28-02.14.39:548][937]LogEditorViewport: Clicking on Actor (LMB): StaticMeshActor (Boar01__1_2)
[2019.06.28-02.14.40:283][ 17]Cmd: SELECT NONE
[2019.06.28-02.14.44:015][464]LogEditorViewport: Clicking on Actor (LMB): StaticMeshActor (Boar01__1_2)
[2019.06.28-02.14.50:414][220]Cmd: SELECT NONE
[2019.06.28-02.14.53:838][630]LogEditorViewport: Clicking on Actor (LMB): StaticMeshActor (Boar01__1_2)
[2019.06.28-02.14.54:395][693]Cmd: SELECT NONE
[2019.06.28-02.15.03:155][743]LogEditorViewport: Clicking on Actor (LMB): StaticMeshActor (Boar01__1_2)
[2019.06.28-02.15.05:839][ 54]Cmd: SELECT NONE
[2019.06.28-02.15.06:064][ 81]Cmd: SELECT NONE
[2019.06.28-02.15.06:230][101]Cmd: SELECT NONE
[2019.06.28-02.15.45:000][751]LogSlate: FSceneViewport::OnFocusLost() reason 0
[2019.06.28-02.16.09:746][692]Cmd: TRANSACTION UNDO
[2019.06.28-02.16.09:746][692]LogEditorTransaction: Undo Move Actors
[2019.06.28-02.16.10:003][722]Cmd: TRANSACTION UNDO
[2019.06.28-02.16.10:003][722]LogEditorTransaction: Undo Move Actors
[2019.06.28-02.16.10:387][767]Cmd: TRANSACTION UNDO
[2019.06.28-02.16.10:387][767]LogEditorTransaction: Undo Move Actors
[2019.06.28-02.16.10:605][793]Cmd: TRANSACTION UNDO
[2019.06.28-02.16.10:605][793]LogEditorTransaction: Undo Move Actors
[2019.06.28-02.16.10:806][817]Cmd: TRANSACTION UNDO
[2019.06.28-02.16.10:806][817]LogEditorTransaction: Undo Move Actors
[2019.06.28-02.16.11:174][861]Cmd: TRANSACTION UNDO
[2019.06.28-02.16.11:174][861]LogEditorTransaction: Undo Move Actors
[2019.06.28-02.16.11:832][940]Cmd: TRANSACTION UNDO
[2019.06.28-02.16.11:832][940]LogEditorTransaction: Undo Move Actors
[2019.06.28-02.16.12:192][983]Cmd: TRANSACTION UNDO
[2019.06.28-02.16.12:192][983]LogEditorTransaction: Undo Move Actors
[2019.06.28-02.16.12:561][ 27]Cmd: TRANSACTION UNDO
[2019.06.28-02.16.12:561][ 27]LogEditorTransaction: Undo Move Actors
[2019.06.28-02.16.12:912][ 69]Cmd: TRANSACTION UNDO
[2019.06.28-02.16.12:912][ 69]LogEditorTransaction: Undo Move Actors
[2019.06.28-02.16.13:280][113]Cmd: TRANSACTION UNDO
[2019.06.28-02.16.13:280][113]LogEditorTransaction: Undo Move Actors
[2019.06.28-02.16.19:897][900]Cmd: SELECT NONE
[2019.06.28-02.16.20:181][934]Cmd: SELECT NONE
[2019.06.28-02.16.20:356][955]Cmd: SELECT NONE
[2019.06.28-02.16.20:606][985]Cmd: SELECT NONE
[2019.06.28-02.16.23:594][343]LogSlate: FSceneViewport::OnFocusLost() reason 0
[2019.06.28-02.17.03:155][913]LogSlate: FSceneViewport::OnFocusLost() reason 2
[2019.06.28-02.17.33:020][440]SourceControl: fatal: X:/Unreal Engine/UE_4.22/Engine/Content: 'X:/Unreal Engine/UE_4.22/Engine/Content' is outside repository
[2019.06.28-02.17.38:627][440]LogSlate: Window 'Save Content' being destroyed
[2019.06.28-02.17.38:722][440]LogUObjectHash: Compacting FUObjectHashTables data took   0.88ms
[2019.06.28-02.17.38:849][440]LogSavePackage: Moving 'C:/Users/14796/Documents/GitHub/ProjectNorthStar/ProjectNorthStar/Saved/DeveloperIsland0DFE4AAB44C356D091A68A986E17C4FE.tmp' to 'C:/Users/14796/Documents/GitHub/ProjectNorthStar/ProjectNorthStar/Content/VirtualRealityBP/Maps/DeveloperIsland.umap'
[2019.06.28-02.17.38:875][440]LogFileHelpers: Saving map 'DeveloperIsland' took 0.178
[2019.06.28-02.17.38:915][440]LogSavePackage: Moving 'C:/Users/14796/Documents/GitHub/ProjectNorthStar/ProjectNorthStar/Saved/DeveloperIsland_BuiltDataDF3D22684CC5E0FFBF665FAD42ECB3C9.tmp' to 'C:/Users/14796/Documents/GitHub/ProjectNorthStar/ProjectNorthStar/Content/VirtualRealityBP/Maps/DeveloperIsland_BuiltData.uasset'
[2019.06.28-02.17.55:304][440]LogSlate: Window 'Submit Files' being destroyed
[2019.06.28-02.17.55:655][440]LogSourceControl: commit successful: [master 685d261] Master project (hopefully, pray for me)
[2019.06.28-02.17.55:699][440]SourceControl: [master 685d261] Master project (hopefully, pray for me)
[2019.06.28-02.17.55:699][440]SourceControl:  2 files changed, 0 insertions(+), 0 deletions(-)
[2019.06.28-02.17.55:699][440]SourceControl:  rewrite ProjectNorthStar/Content/VirtualRealityBP/Maps/DeveloperIsland_BuiltData.uasset (77%)
[2019.06.28-02.17.55:703][440]SourceControl: Commited [master 685d261] Master project (hopefully, pray for me).
